2017-07-16 19:43:25 ERROR error:74 - Task failure (<http://linkeddatacatalog.dws.informatik.uni-mannheim.de/api/rest/dataset/2001-spanish-census-to-rdf>). Msg: null
2017-07-16 19:43:26 ERROR error:74 - Task failure (<http://linkeddatacatalog.dws.informatik.uni-mannheim.de/api/rest/dataset/abs-linked-data>). Msg: null
2017-07-16 19:43:27 ERROR error:74 - Task failure (<http://linkeddatacatalog.dws.informatik.uni-mannheim.de/api/rest/dataset/acorn-sat>). Msg: null
2017-07-16 19:43:29 ERROR error:74 - Task failure (<http://linkeddatacatalog.dws.informatik.uni-mannheim.de/api/rest/dataset/aemet>). Msg: null
2017-07-16 19:43:30 ERROR error:74 - Task failure (<http://linkeddatacatalog.dws.informatik.uni-mannheim.de/api/rest/dataset/agris>). Msg: null
2017-07-16 19:43:31 ERROR error:74 - Task failure (<http://linkeddatacatalog.dws.informatik.uni-mannheim.de/api/rest/dataset/agrovoc-skos>). Msg: null
2017-07-16 19:43:33 ERROR error:74 - Task failure (<http://linkeddatacatalog.dws.informatik.uni-mannheim.de/api/rest/dataset/allie-abbreviation-and-long-form-database-in-life-science>). Msg: null
2017-07-16 19:43:36 ERROR error:74 - Task failure (<http://linkeddatacatalog.dws.informatik.uni-mannheim.de/api/rest/dataset/apertium-en-ca>). Msg: null
2017-07-16 19:43:37 ERROR error:74 - Task failure (<http://linkeddatacatalog.dws.informatik.uni-mannheim.de/api/rest/dataset/apertium-en-es>). Msg: null
2017-07-16 19:43:37 ERROR error:74 - Task failure (<http://linkeddatacatalog.dws.informatik.uni-mannheim.de/api/rest/dataset/aragodbpedia>). Msg: null
2017-07-16 19:43:37 ERROR error:74 - Task failure (<http://linkeddatacatalog.dws.informatik.uni-mannheim.de/api/rest/dataset/archiveshub-linkeddata>). Msg: null
2017-07-16 19:43:37 ERROR error:74 - Task failure (<http://linkeddatacatalog.dws.informatik.uni-mannheim.de/api/rest/dataset/arrayexpress-e-afmx-1>). Msg: null
2017-07-16 19:43:38 ERROR error:74 - Task failure (<http://linkeddatacatalog.dws.informatik.uni-mannheim.de/api/rest/dataset/arrayexpress_e-mtab-104>). Msg: null
2017-07-16 19:43:39 ERROR error:74 - Task failure (<http://linkeddatacatalog.dws.informatik.uni-mannheim.de/api/rest/dataset/arthroscopy>). Msg: null
2017-07-16 19:43:39 ERROR error:74 - Task failure (<http://linkeddatacatalog.dws.informatik.uni-mannheim.de/api/rest/dataset/ashok-org-uk>). Msg: null
2017-07-16 19:43:39 ERROR error:74 - Task failure (<http://linkeddatacatalog.dws.informatik.uni-mannheim.de/api/rest/dataset/asit>). Msg: null
2017-07-16 19:43:39 ERROR error:74 - Task failure (<http://linkeddatacatalog.dws.informatik.uni-mannheim.de/api/rest/dataset/asjp>). Msg: null
2017-07-16 19:43:40 ERROR error:74 - Task failure (<http://linkeddatacatalog.dws.informatik.uni-mannheim.de/api/rest/dataset/asn-us>). Msg: null
2017-07-16 19:43:40 ERROR error:74 - Task failure (<http://linkeddatacatalog.dws.informatik.uni-mannheim.de/api/rest/dataset/aspire-bolton>). Msg: null
2017-07-16 19:43:40 ERROR error:74 - Task failure (<http://linkeddatacatalog.dws.informatik.uni-mannheim.de/api/rest/dataset/aspire-bournemouth>). Msg: null
2017-07-16 19:43:40 ERROR error:74 - Task failure (<http://linkeddatacatalog.dws.informatik.uni-mannheim.de/api/rest/dataset/aspire-brunel>). Msg: null
2017-07-16 19:43:41 ERROR error:74 - Task failure (<http://linkeddatacatalog.dws.informatik.uni-mannheim.de/api/rest/dataset/aspire-derby>). Msg: null
2017-07-16 19:43:41 ERROR error:74 - Task failure (<http://linkeddatacatalog.dws.informatik.uni-mannheim.de/api/rest/dataset/aspire-harper-adams>). Msg: null
2017-07-16 19:43:41 ERROR error:74 - Task failure (<http://linkeddatacatalog.dws.informatik.uni-mannheim.de/api/rest/dataset/aspire-hope>). Msg: null
2017-07-16 19:43:41 ERROR error:74 - Task failure (<http://linkeddatacatalog.dws.informatik.uni-mannheim.de/api/rest/dataset/aspire-keele>). Msg: null
2017-07-16 19:43:42 ERROR error:74 - Task failure (<http://linkeddatacatalog.dws.informatik.uni-mannheim.de/api/rest/dataset/aspire-manchester>). Msg: null
2017-07-16 19:43:42 ERROR error:74 - Task failure (<http://linkeddatacatalog.dws.informatik.uni-mannheim.de/api/rest/dataset/aspire-mmu>). Msg: null
2017-07-16 19:43:42 ERROR error:74 - Task failure (<http://linkeddatacatalog.dws.informatik.uni-mannheim.de/api/rest/dataset/aspire-ntu>). Msg: null
2017-07-16 19:43:47 ERROR error:74 - Task failure (<http://linkeddatacatalog.dws.informatik.uni-mannheim.de/api/rest/dataset/aspire-portsmouth>). Msg: null
