2017-07-15 21:06:59 INFO  info:77 - Empty crawled VoID (<http://linkeddatacatalog.dws.informatik.uni-mannheim.de/api/rest/dataset/5ver-net>).
2017-07-15 21:06:59 INFO  info:98 - Dataset saved (<http://linkeddatacatalog.dws.informatik.uni-mannheim.de/api/rest/dataset/5ver-net>).
2017-07-15 21:07:00 INFO  info:77 - Empty crawled VoID (<http://linkeddatacatalog.dws.informatik.uni-mannheim.de/api/rest/dataset/acadonto>).
2017-07-15 21:07:00 INFO  info:77 - Empty crawled VoID (<http://linkeddatacatalog.dws.informatik.uni-mannheim.de/api/rest/dataset/3kbo-com>).
2017-07-15 21:07:00 INFO  info:98 - Dataset saved (<http://linkeddatacatalog.dws.informatik.uni-mannheim.de/api/rest/dataset/acadonto>).
2017-07-15 21:07:00 INFO  info:98 - Dataset saved (<http://linkeddatacatalog.dws.informatik.uni-mannheim.de/api/rest/dataset/3kbo-com>).
2017-07-15 21:07:00 INFO  info:77 - Empty crawled VoID (<http://linkeddatacatalog.dws.informatik.uni-mannheim.de/api/rest/dataset/abdn-ac-uk>).
2017-07-15 21:07:00 INFO  info:98 - Dataset saved (<http://linkeddatacatalog.dws.informatik.uni-mannheim.de/api/rest/dataset/abdn-ac-uk>).
2017-07-15 21:07:01 INFO  info:77 - Empty crawled VoID (<http://linkeddatacatalog.dws.informatik.uni-mannheim.de/api/rest/dataset/adrideo-com>).
2017-07-15 21:07:01 INFO  info:98 - Dataset saved (<http://linkeddatacatalog.dws.informatik.uni-mannheim.de/api/rest/dataset/adrideo-com>).
2017-07-15 21:07:03 INFO  info:77 - Empty crawled VoID (<http://linkeddatacatalog.dws.informatik.uni-mannheim.de/api/rest/dataset/agrinepaldata>).
2017-07-15 21:07:03 INFO  info:98 - Dataset saved (<http://linkeddatacatalog.dws.informatik.uni-mannheim.de/api/rest/dataset/agrinepaldata>).
2017-07-15 21:07:03 INFO  info:77 - Empty crawled VoID (<http://linkeddatacatalog.dws.informatik.uni-mannheim.de/api/rest/dataset/academic-offer-of-unl>).
2017-07-15 21:07:03 INFO  info:98 - Dataset saved (<http://linkeddatacatalog.dws.informatik.uni-mannheim.de/api/rest/dataset/academic-offer-of-unl>).
2017-07-15 21:07:05 INFO  info:77 - Empty crawled VoID (<http://linkeddatacatalog.dws.informatik.uni-mannheim.de/api/rest/dataset/alchemyapi>).
2017-07-15 21:07:05 INFO  info:98 - Dataset saved (<http://linkeddatacatalog.dws.informatik.uni-mannheim.de/api/rest/dataset/alchemyapi>).
2017-07-15 21:07:05 INFO  info:77 - Empty crawled VoID (<http://linkeddatacatalog.dws.informatik.uni-mannheim.de/api/rest/dataset/advogato>).
2017-07-15 21:07:05 INFO  info:98 - Dataset saved (<http://linkeddatacatalog.dws.informatik.uni-mannheim.de/api/rest/dataset/advogato>).
2017-07-15 21:07:07 INFO  info:77 - Empty crawled VoID (<http://linkeddatacatalog.dws.informatik.uni-mannheim.de/api/rest/dataset/analisi-del-blog-http-www-beppegrillo-it>).
2017-07-15 21:07:07 INFO  info:98 - Dataset saved (<http://linkeddatacatalog.dws.informatik.uni-mannheim.de/api/rest/dataset/analisi-del-blog-http-www-beppegrillo-it>).
2017-07-15 21:07:07 INFO  info:77 - Empty crawled VoID (<http://linkeddatacatalog.dws.informatik.uni-mannheim.de/api/rest/dataset/alpino-rdf>).
2017-07-15 21:07:07 INFO  info:98 - Dataset saved (<http://linkeddatacatalog.dws.informatik.uni-mannheim.de/api/rest/dataset/alpino-rdf>).
2017-07-15 21:07:08 INFO  info:77 - Empty crawled VoID (<http://linkeddatacatalog.dws.informatik.uni-mannheim.de/api/rest/dataset/andzol-com>).
2017-07-15 21:07:08 INFO  info:98 - Dataset saved (<http://linkeddatacatalog.dws.informatik.uni-mannheim.de/api/rest/dataset/andzol-com>).
2017-07-15 21:07:08 INFO  info:77 - Empty crawled VoID (<http://linkeddatacatalog.dws.informatik.uni-mannheim.de/api/rest/dataset/13mm-de>).
2017-07-15 21:07:09 INFO  info:98 - Dataset saved (<http://linkeddatacatalog.dws.informatik.uni-mannheim.de/api/rest/dataset/13mm-de>).
2017-07-15 21:07:09 INFO  info:77 - Empty crawled VoID (<http://linkeddatacatalog.dws.informatik.uni-mannheim.de/api/rest/dataset/aifkb-kit>).
2017-07-15 21:07:09 INFO  info:98 - Dataset saved (<http://linkeddatacatalog.dws.informatik.uni-mannheim.de/api/rest/dataset/aifkb-kit>).
2017-07-15 21:07:10 INFO  info:77 - Empty crawled VoID (<http://linkeddatacatalog.dws.informatik.uni-mannheim.de/api/rest/dataset/advogato-org>).
2017-07-15 21:07:10 INFO  info:77 - Empty crawled VoID (<http://linkeddatacatalog.dws.informatik.uni-mannheim.de/api/rest/dataset/adullact>).
2017-07-15 21:07:10 INFO  info:77 - Empty crawled VoID (<http://linkeddatacatalog.dws.informatik.uni-mannheim.de/api/rest/dataset/allen-brain-atlas>).
2017-07-15 21:07:10 INFO  info:77 - Empty crawled VoID (<http://linkeddatacatalog.dws.informatik.uni-mannheim.de/api/rest/dataset/2000-us-census-rdf>).
2017-07-15 21:07:11 INFO  info:98 - Dataset saved (<http://linkeddatacatalog.dws.informatik.uni-mannheim.de/api/rest/dataset/advogato-org>).
2017-07-15 21:07:12 INFO  info:77 - Empty crawled VoID (<http://linkeddatacatalog.dws.informatik.uni-mannheim.de/api/rest/dataset/anearalone-com>).
2017-07-15 21:07:13 INFO  info:77 - Empty crawled VoID (<http://linkeddatacatalog.dws.informatik.uni-mannheim.de/api/rest/dataset/alochana-net>).
2017-07-15 21:07:13 INFO  info:77 - Empty crawled VoID (<http://linkeddatacatalog.dws.informatik.uni-mannheim.de/api/rest/dataset/aksw-org>).
2017-07-15 21:07:13 INFO  info:77 - Empty crawled VoID (<http://linkeddatacatalog.dws.informatik.uni-mannheim.de/api/rest/dataset/altervista-org>).
2017-07-15 21:07:15 INFO  info:77 - Empty crawled VoID (<http://linkeddatacatalog.dws.informatik.uni-mannheim.de/api/rest/dataset/addgene>).
2017-07-15 21:07:15 INFO  info:77 - Empty crawled VoID (<http://linkeddatacatalog.dws.informatik.uni-mannheim.de/api/rest/dataset/andybudd-com>).
2017-07-15 21:07:16 INFO  info:77 - Empty crawled VoID (<http://linkeddatacatalog.dws.informatik.uni-mannheim.de/api/rest/dataset/anjeve-de>).
2017-07-15 21:07:16 INFO  info:77 - Empty crawled VoID (<http://linkeddatacatalog.dws.informatik.uni-mannheim.de/api/rest/dataset/apache>).
2017-07-15 21:07:17 INFO  info:98 - Dataset saved (<http://linkeddatacatalog.dws.informatik.uni-mannheim.de/api/rest/dataset/adullact>).
2017-07-15 21:07:17 INFO  info:77 - Empty crawled VoID (<http://linkeddatacatalog.dws.informatik.uni-mannheim.de/api/rest/dataset/agfa-com>).
2017-07-15 21:07:18 INFO  info:77 - Empty crawled VoID (<http://linkeddatacatalog.dws.informatik.uni-mannheim.de/api/rest/dataset/airforcehistoryindex>).
2017-07-15 21:07:19 INFO  info:77 - Empty crawled VoID (<http://linkeddatacatalog.dws.informatik.uni-mannheim.de/api/rest/dataset/antiflux-org>).
2017-07-15 21:07:19 INFO  info:77 - Empty crawled VoID (<http://linkeddatacatalog.dws.informatik.uni-mannheim.de/api/rest/dataset/andrea-perego-name>).
2017-07-15 21:07:23 INFO  info:77 - Empty crawled VoID (<http://linkeddatacatalog.dws.informatik.uni-mannheim.de/api/rest/dataset/alik-su>).
2017-07-15 21:07:25 INFO  info:98 - Dataset saved (<http://linkeddatacatalog.dws.informatik.uni-mannheim.de/api/rest/dataset/2000-us-census-rdf>).
2017-07-15 21:07:25 INFO  info:98 - Dataset saved (<http://linkeddatacatalog.dws.informatik.uni-mannheim.de/api/rest/dataset/allen-brain-atlas>).
2017-07-15 21:07:26 INFO  info:98 - Dataset saved (<http://linkeddatacatalog.dws.informatik.uni-mannheim.de/api/rest/dataset/anearalone-com>).
2017-07-15 21:07:35 INFO  info:98 - Dataset saved (<http://linkeddatacatalog.dws.informatik.uni-mannheim.de/api/rest/dataset/alochana-net>).
2017-07-15 21:08:02 INFO  info:77 - Empty crawled VoID (<http://linkeddatacatalog.dws.informatik.uni-mannheim.de/api/rest/dataset/aegp-spanish-textile-and-clothing-association>).
2017-07-15 21:08:05 INFO  info:77 - Empty crawled VoID (<http://linkeddatacatalog.dws.informatik.uni-mannheim.de/api/rest/dataset/aragodbpedia>).
