2017-07-16 21:36:06 INFO  info:108 - Empty captured VoID (<http://swlab.paes-leme.name:8080/resource/13mm-de>).
2017-07-16 21:36:07 INFO  info:137 - Dataset saved (<http://linkeddatacatalog.dws.informatik.uni-mannheim.de/api/rest/dataset/13mm-de>).
2017-07-16 21:36:07 INFO  info:108 - Empty captured VoID (<http://swlab.paes-leme.name:8080/resource/140-203-154-209>).
2017-07-16 21:36:07 INFO  info:137 - Dataset saved (<http://linkeddatacatalog.dws.informatik.uni-mannheim.de/api/rest/dataset/140-203-154-209>).
2017-07-16 21:36:10 INFO  info:108 - Empty captured VoID (<http://swlab.paes-leme.name:8080/resource/2000-us-census-rdf>).
2017-07-16 21:36:10 INFO  info:137 - Dataset saved (<http://linkeddatacatalog.dws.informatik.uni-mannheim.de/api/rest/dataset/2000-us-census-rdf>).
2017-07-16 21:37:01 ERROR timeout:21 - Timeout while executing "Query properties from http://visualdataweb.infor.uva.es/sparql".
2017-07-16 21:37:01 INFO  info:108 - Empty captured VoID (<http://swlab.paes-leme.name:8080/resource/2001-spanish-census-to-rdf>).
2017-07-16 21:37:01 INFO  info:137 - Dataset saved (<http://linkeddatacatalog.dws.informatik.uni-mannheim.de/api/rest/dataset/2001-spanish-census-to-rdf>).
2017-07-16 21:37:01 INFO  info:108 - Empty captured VoID (<http://swlab.paes-leme.name:8080/resource/3kbo-com>).
2017-07-16 21:37:01 INFO  info:137 - Dataset saved (<http://linkeddatacatalog.dws.informatik.uni-mannheim.de/api/rest/dataset/3kbo-com>).
2017-07-16 21:37:01 INFO  info:108 - Empty captured VoID (<http://swlab.paes-leme.name:8080/resource/5ver-net>).
2017-07-16 21:37:01 INFO  info:137 - Dataset saved (<http://linkeddatacatalog.dws.informatik.uni-mannheim.de/api/rest/dataset/5ver-net>).
2017-07-16 21:37:02 INFO  info:108 - Empty captured VoID (<http://swlab.paes-leme.name:8080/resource/abdn-ac-uk>).
2017-07-16 21:37:02 INFO  info:137 - Dataset saved (<http://linkeddatacatalog.dws.informatik.uni-mannheim.de/api/rest/dataset/abdn-ac-uk>).
2017-07-16 21:37:32 ERROR timeout:21 - Timeout while executing "Query classes from http://abs.270a.info/sparql".
2017-07-16 21:38:02 ERROR timeout:21 - Timeout while executing "Query properties from http://abs.270a.info/sparql".
2017-07-16 21:38:02 INFO  info:108 - Empty captured VoID (<http://swlab.paes-leme.name:8080/resource/abs-linked-data>).
2017-07-16 21:38:03 INFO  info:137 - Dataset saved (<http://linkeddatacatalog.dws.informatik.uni-mannheim.de/api/rest/dataset/abs-linked-data>).
2017-07-16 21:38:03 INFO  info:108 - Empty captured VoID (<http://swlab.paes-leme.name:8080/resource/academic-offer-of-unl>).
2017-07-16 21:38:03 INFO  info:137 - Dataset saved (<http://linkeddatacatalog.dws.informatik.uni-mannheim.de/api/rest/dataset/academic-offer-of-unl>).
2017-07-16 21:38:03 INFO  info:108 - Empty captured VoID (<http://swlab.paes-leme.name:8080/resource/acadonto>).
2017-07-16 21:38:03 INFO  info:137 - Dataset saved (<http://linkeddatacatalog.dws.informatik.uni-mannheim.de/api/rest/dataset/acadonto>).
2017-07-16 21:38:33 ERROR timeout:21 - Timeout while executing "Query classes from http://lab.environment.data.gov.au/sparql".
2017-07-16 21:39:03 ERROR timeout:21 - Timeout while executing "Query properties from http://lab.environment.data.gov.au/sparql".
2017-07-16 21:39:03 INFO  info:108 - Empty captured VoID (<http://swlab.paes-leme.name:8080/resource/acorn-sat>).
2017-07-16 21:39:04 INFO  info:137 - Dataset saved (<http://linkeddatacatalog.dws.informatik.uni-mannheim.de/api/rest/dataset/acorn-sat>).
2017-07-16 21:39:04 INFO  info:108 - Empty captured VoID (<http://swlab.paes-leme.name:8080/resource/addgene>).
2017-07-16 21:39:04 INFO  info:137 - Dataset saved (<http://linkeddatacatalog.dws.informatik.uni-mannheim.de/api/rest/dataset/addgene>).
2017-07-16 21:39:04 INFO  info:108 - Empty captured VoID (<http://swlab.paes-leme.name:8080/resource/adrideo-com>).
2017-07-16 21:39:04 INFO  info:137 - Dataset saved (<http://linkeddatacatalog.dws.informatik.uni-mannheim.de/api/rest/dataset/adrideo-com>).
2017-07-16 21:39:04 INFO  info:108 - Empty captured VoID (<http://swlab.paes-leme.name:8080/resource/adullact>).
2017-07-16 21:39:04 INFO  info:137 - Dataset saved (<http://linkeddatacatalog.dws.informatik.uni-mannheim.de/api/rest/dataset/adullact>).
2017-07-16 21:39:04 INFO  info:108 - Empty captured VoID (<http://swlab.paes-leme.name:8080/resource/advogato>).
2017-07-16 21:39:04 INFO  info:137 - Dataset saved (<http://linkeddatacatalog.dws.informatik.uni-mannheim.de/api/rest/dataset/advogato>).
2017-07-16 21:39:05 INFO  info:108 - Empty captured VoID (<http://swlab.paes-leme.name:8080/resource/advogato-org>).
2017-07-16 21:39:05 INFO  info:137 - Dataset saved (<http://linkeddatacatalog.dws.informatik.uni-mannheim.de/api/rest/dataset/advogato-org>).
2017-07-16 21:39:05 INFO  info:108 - Empty captured VoID (<http://swlab.paes-leme.name:8080/resource/aegp-spanish-textile-and-clothing-association>).
2017-07-16 21:39:05 INFO  info:137 - Dataset saved (<http://linkeddatacatalog.dws.informatik.uni-mannheim.de/api/rest/dataset/aegp-spanish-textile-and-clothing-association>).
2017-07-16 21:39:31 WARN  QueryEngineHTTP:691 - HTTP response not fully consumed, if HTTP Client is reusing connections (its default behaviour) then it will consume the remaining response data which may take a long time and cause this application to become unresponsive
2017-07-16 21:40:01 ERROR timeout:21 - Timeout while executing "Query properties from http://aemet.linkeddata.es/sparql".
2017-07-16 21:40:02 WARN  QueryEngineHTTP:691 - HTTP response not fully consumed, if HTTP Client is reusing connections (its default behaviour) then it will consume the remaining response data which may take a long time and cause this application to become unresponsive
2017-07-16 21:40:02 INFO  info:108 - Empty captured VoID (<http://swlab.paes-leme.name:8080/resource/aemet>).
2017-07-16 21:40:02 INFO  info:137 - Dataset saved (<http://linkeddatacatalog.dws.informatik.uni-mannheim.de/api/rest/dataset/aemet>).
2017-07-16 21:40:02 INFO  info:108 - Empty captured VoID (<http://swlab.paes-leme.name:8080/resource/agfa-com>).
2017-07-16 21:40:02 INFO  info:137 - Dataset saved (<http://linkeddatacatalog.dws.informatik.uni-mannheim.de/api/rest/dataset/agfa-com>).
2017-07-16 21:40:02 INFO  info:108 - Empty captured VoID (<http://swlab.paes-leme.name:8080/resource/agrinepaldata>).
2017-07-16 21:40:02 INFO  info:137 - Dataset saved (<http://linkeddatacatalog.dws.informatik.uni-mannheim.de/api/rest/dataset/agrinepaldata>).
2017-07-16 21:40:32 ERROR timeout:21 - Timeout while executing "Query classes from http://202.45.142.113:10035/repositories/agris".
2017-07-16 21:41:02 ERROR timeout:21 - Timeout while executing "Query properties from http://202.45.142.113:10035/repositories/agris".
2017-07-16 21:41:02 INFO  info:108 - Empty captured VoID (<http://swlab.paes-leme.name:8080/resource/agris>).
2017-07-16 21:41:03 INFO  info:137 - Dataset saved (<http://linkeddatacatalog.dws.informatik.uni-mannheim.de/api/rest/dataset/agris>).
2017-07-16 21:41:33 ERROR timeout:21 - Timeout while executing "Query classes from http://202.73.13.50:55824/catalogs/performance/repositories/agrovoc".
2017-07-16 21:42:03 ERROR timeout:21 - Timeout while executing "Query properties from http://202.73.13.50:55824/catalogs/performance/repositories/agrovoc".
2017-07-16 21:42:03 INFO  info:108 - Empty captured VoID (<http://swlab.paes-leme.name:8080/resource/agrovoc-skos>).
2017-07-16 21:44:03 ERROR timeout:21 - Timeout while executing "Make void of http://swlab.paes-leme.name:8080/resource/agrovoc-skos".
2017-07-16 21:44:03 ERROR error:74 - Task failure (<http://linkeddatacatalog.dws.informatik.uni-mannheim.de/api/rest/dataset/agrovoc-skos>). Msg: null
2017-07-16 21:44:03 INFO  info:108 - Empty captured VoID (<http://swlab.paes-leme.name:8080/resource/aifkb-kit>).
