2017-07-16 19:54:42 ERROR timeout:21 - Timeout while executing "Query classes from http://abs.270a.info/sparql".
2017-07-16 19:54:43 ERROR timeout:21 - Timeout while executing "Query classes from http://lab.environment.data.gov.au/sparql".
2017-07-16 19:54:46 ERROR timeout:21 - Timeout while executing "Query classes from http://202.45.142.113:10035/repositories/agris".
2017-07-16 19:54:47 ERROR timeout:21 - Timeout while executing "Query classes from http://202.73.13.50:55824/catalogs/performance/repositories/agrovoc".
2017-07-16 19:54:53 ERROR timeout:21 - Timeout while executing "Query classes from http://purl.org/twc/arrayexpress/virtuoso/sparql".
2017-07-16 19:54:54 ERROR timeout:21 - Timeout while executing "Query classes from http://purl.org/twc/arrayexpress/virtuoso/sparql".
2017-07-16 19:55:03 ERROR timeout:21 - Timeout while executing "Query properties from http://visualdataweb.infor.uva.es/sparql".
2017-07-16 19:55:05 ERROR timeout:21 - Timeout while executing "Query properties from http://sparql.jesandco.org:8890/sparql".
2017-07-16 19:55:06 ERROR timeout:21 - Timeout while executing "Query properties from http://linguistic.linkeddata.es/sparql/".
2017-07-16 19:55:07 ERROR timeout:21 - Timeout while executing "Query properties from http://linguistic.linkeddata.es/sparql/".
2017-07-16 19:55:09 ERROR timeout:21 - Timeout while executing "Query classes from http://aemet.linkeddata.es/sparql_en.html".
2017-07-16 19:55:12 ERROR timeout:21 - Timeout while executing "Query properties from http://abs.270a.info/sparql".
2017-07-16 19:55:13 ERROR timeout:21 - Timeout while executing "Query properties from http://lab.environment.data.gov.au/sparql".
2017-07-16 19:55:16 ERROR timeout:21 - Timeout while executing "Query properties from http://202.45.142.113:10035/repositories/agris".
2017-07-16 19:55:17 ERROR timeout:21 - Timeout while executing "Query properties from http://202.73.13.50:55824/catalogs/performance/repositories/agrovoc".
2017-07-16 19:55:23 ERROR timeout:21 - Timeout while executing "Query properties from http://purl.org/twc/arrayexpress/virtuoso/sparql".
2017-07-16 19:55:24 ERROR timeout:21 - Timeout while executing "Query properties from http://purl.org/twc/arrayexpress/virtuoso/sparql".
2017-07-16 19:55:35 ERROR timeout:21 - Timeout while executing "Query properties from http://sparql.jesandco.org:8890/fct/".
2017-07-16 19:55:39 ERROR timeout:21 - Timeout while executing "Query properties from http://aemet.linkeddata.es/sparql".
2017-07-16 19:56:09 ERROR timeout:21 - Timeout while executing "Query properties from http://aemet.linkeddata.es/sparql_en.html".
2017-07-16 19:57:11 ERROR timeout:21 - Timeout while executing "Make void of http://swlab.paes-leme.name:8080/resource/2001-spanish-census-to-rdf".
2017-07-16 19:57:12 ERROR timeout:21 - Timeout while executing "Make void of http://swlab.paes-leme.name:8080/resource/abs-linked-data".
2017-07-16 19:57:13 ERROR timeout:21 - Timeout while executing "Make void of http://swlab.paes-leme.name:8080/resource/acorn-sat".
2017-07-16 19:57:15 ERROR timeout:21 - Timeout while executing "Make void of http://swlab.paes-leme.name:8080/resource/aemet".
2017-07-16 19:57:16 ERROR timeout:21 - Timeout while executing "Make void of http://swlab.paes-leme.name:8080/resource/agris".
2017-07-16 19:57:17 ERROR timeout:21 - Timeout while executing "Make void of http://swlab.paes-leme.name:8080/resource/agrovoc-skos".
2017-07-16 19:57:18 ERROR timeout:21 - Timeout while executing "Make void of http://swlab.paes-leme.name:8080/resource/allie-abbreviation-and-long-form-database-in-life-science".
2017-07-16 19:57:22 ERROR timeout:21 - Timeout while executing "Make void of http://swlab.paes-leme.name:8080/resource/apertium-en-ca".
2017-07-16 19:57:23 ERROR timeout:21 - Timeout while executing "Make void of http://swlab.paes-leme.name:8080/resource/apertium-en-es".
2017-07-16 19:57:23 ERROR timeout:21 - Timeout while executing "Make void of http://swlab.paes-leme.name:8080/resource/aragodbpedia".
