2017-07-17 21:04:15 ERROR error:73 - Task failure (<http://linkeddatacatalog.dws.informatik.uni-mannheim.de/api/rest/dataset/140-203-154-209>). Msg: null
2017-07-17 21:04:18 ERROR error:73 - Task failure (<http://linkeddatacatalog.dws.informatik.uni-mannheim.de/api/rest/dataset/acorn-sat>). Msg: null
2017-07-17 21:04:26 ERROR error:73 - Task failure (<http://linkeddatacatalog.dws.informatik.uni-mannheim.de/api/rest/dataset/animal-diversity-web>). Msg: null
2017-07-17 21:04:38 ERROR error:73 - Task failure (<http://linkeddatacatalog.dws.informatik.uni-mannheim.de/api/rest/dataset/aves3d>). Msg: null
2017-07-17 21:04:40 ERROR error:73 - Task failure (<http://linkeddatacatalog.dws.informatik.uni-mannheim.de/api/rest/dataset/bams>). Msg: null
2017-07-17 21:04:43 ERROR error:73 - Task failure (<http://linkeddatacatalog.dws.informatik.uni-mannheim.de/api/rest/dataset/beneficiaries-of-the-european-commission>). Msg: null
2017-07-17 21:06:24 ERROR error:73 - Task failure (<http://linkeddatacatalog.dws.informatik.uni-mannheim.de/api/rest/dataset/bluk-bnb>). Msg: null
2017-07-17 21:06:25 ERROR error:73 - Task failure (<http://linkeddatacatalog.dws.informatik.uni-mannheim.de/api/rest/dataset/bootsnall>). Msg: null
2017-07-17 21:06:29 ERROR error:73 - Task failure (<http://linkeddatacatalog.dws.informatik.uni-mannheim.de/api/rest/dataset/cablegate>). Msg: null
2017-07-17 21:06:38 ERROR error:73 - Task failure (<http://linkeddatacatalog.dws.informatik.uni-mannheim.de/api/rest/dataset/combined-nomenclature-2012>). Msg: null
2017-07-17 21:06:39 ERROR error:73 - Task failure (<http://linkeddatacatalog.dws.informatik.uni-mannheim.de/api/rest/dataset/company-semantic-web-at>). Msg: null
2017-07-17 21:06:41 ERROR error:73 - Task failure (<http://linkeddatacatalog.dws.informatik.uni-mannheim.de/api/rest/dataset/corscheck>). Msg: null
2017-07-17 21:06:42 ERROR error:73 - Task failure (<http://linkeddatacatalog.dws.informatik.uni-mannheim.de/api/rest/dataset/cpa-2008>). Msg: null
2017-07-17 21:06:43 ERROR error:73 - Task failure (<http://linkeddatacatalog.dws.informatik.uni-mannheim.de/api/rest/dataset/cpc-2008>). Msg: null
2017-07-17 21:06:44 ERROR error:73 - Task failure (<http://linkeddatacatalog.dws.informatik.uni-mannheim.de/api/rest/dataset/cpv-2003>). Msg: null
2017-07-17 21:06:44 ERROR error:73 - Task failure (<http://linkeddatacatalog.dws.informatik.uni-mannheim.de/api/rest/dataset/cpv-2008>). Msg: null
2017-07-17 21:06:45 ERROR error:73 - Task failure (<http://linkeddatacatalog.dws.informatik.uni-mannheim.de/api/rest/dataset/crowdsourcing-fb>). Msg: null
2017-07-17 21:06:58 ERROR error:73 - Task failure (<http://linkeddatacatalog.dws.informatik.uni-mannheim.de/api/rest/dataset/davidgalbraith-org>). Msg: null
2017-07-17 21:07:00 ERROR error:73 - Task failure (<http://linkeddatacatalog.dws.informatik.uni-mannheim.de/api/rest/dataset/dbnary>). Msg: null
2017-07-17 21:07:03 ERROR error:73 - Task failure (<http://linkeddatacatalog.dws.informatik.uni-mannheim.de/api/rest/dataset/dbpedia-fr>). Msg: null
2017-07-17 21:07:03 ERROR error:73 - Task failure (<http://linkeddatacatalog.dws.informatik.uni-mannheim.de/api/rest/dataset/dbpedia-ja>). Msg: null
2017-07-17 21:07:05 ERROR error:73 - Task failure (<http://linkeddatacatalog.dws.informatik.uni-mannheim.de/api/rest/dataset/dbpedia-nl>). Msg: null
2017-07-17 21:07:07 ERROR error:73 - Task failure (<http://linkeddatacatalog.dws.informatik.uni-mannheim.de/api/rest/dataset/dbtune-classical>). Msg: null
2017-07-17 21:07:09 ERROR error:73 - Task failure (<http://linkeddatacatalog.dws.informatik.uni-mannheim.de/api/rest/dataset/dcs-sheffield>). Msg: null
2017-07-17 21:07:11 ERROR error:73 - Task failure (<http://linkeddatacatalog.dws.informatik.uni-mannheim.de/api/rest/dataset/derfizz-de>). Msg: null
2017-07-17 21:07:11 ERROR error:73 - Task failure (<http://linkeddatacatalog.dws.informatik.uni-mannheim.de/api/rest/dataset/deri-org>). Msg: null
2017-07-17 21:07:22 ERROR error:73 - Task failure (<http://linkeddatacatalog.dws.informatik.uni-mannheim.de/api/rest/dataset/dutch-ships-and-sailors>). Msg: null
2017-07-17 21:07:33 ERROR error:73 - Task failure (<http://linkeddatacatalog.dws.informatik.uni-mannheim.de/api/rest/dataset/ei-homeip-net>). Msg: null
2017-07-17 21:07:34 ERROR error:73 - Task failure (<http://linkeddatacatalog.dws.informatik.uni-mannheim.de/api/rest/dataset/elviajero>). Msg: null
2017-07-17 21:09:15 ERROR error:73 - Task failure (<http://linkeddatacatalog.dws.informatik.uni-mannheim.de/api/rest/dataset/englishheritage_places>). Msg: null
2017-07-17 21:09:18 ERROR error:73 - Task failure (<http://linkeddatacatalog.dws.informatik.uni-mannheim.de/api/rest/dataset/environmental-applications-reference-thesaurus>). Msg: null
2017-07-17 21:09:26 ERROR error:73 - Task failure (<http://linkeddatacatalog.dws.informatik.uni-mannheim.de/api/rest/dataset/epo>). Msg: null
2017-07-17 21:09:34 ERROR error:73 - Task failure (<http://linkeddatacatalog.dws.informatik.uni-mannheim.de/api/rest/dataset/eu-agencies-bodies>). Msg: null
2017-07-17 21:09:38 ERROR error:73 - Task failure (<http://linkeddatacatalog.dws.informatik.uni-mannheim.de/api/rest/dataset/eur-lex-rdf>). Msg: null
2017-07-17 21:09:43 ERROR error:73 - Task failure (<http://linkeddatacatalog.dws.informatik.uni-mannheim.de/api/rest/dataset/fastcult-ru>). Msg: null
2017-07-17 21:11:24 ERROR error:73 - Task failure (<http://linkeddatacatalog.dws.informatik.uni-mannheim.de/api/rest/dataset/fishes-of-texas>). Msg: null
2017-07-17 21:11:25 ERROR error:73 - Task failure (<http://linkeddatacatalog.dws.informatik.uni-mannheim.de/api/rest/dataset/fu-berlin-ec-competition>). Msg: null
2017-07-17 21:11:29 ERROR error:73 - Task failure (<http://linkeddatacatalog.dws.informatik.uni-mannheim.de/api/rest/dataset/hebis-bibliographic-resources>). Msg: null
2017-07-17 21:11:38 ERROR error:73 - Task failure (<http://linkeddatacatalog.dws.informatik.uni-mannheim.de/api/rest/dataset/icane>). Msg: null
2017-07-17 21:11:39 ERROR error:73 - Task failure (<http://linkeddatacatalog.dws.informatik.uni-mannheim.de/api/rest/dataset/integrated-human-geography-service-for-lod>). Msg: null
2017-07-17 21:11:41 ERROR error:73 - Task failure (<http://linkeddatacatalog.dws.informatik.uni-mannheim.de/api/rest/dataset/int-evry-fr>). Msg: null
2017-07-17 21:11:42 ERROR error:73 - Task failure (<http://linkeddatacatalog.dws.informatik.uni-mannheim.de/api/rest/dataset/isic-v4>). Msg: null
2017-07-17 21:11:43 ERROR error:73 - Task failure (<http://linkeddatacatalog.dws.informatik.uni-mannheim.de/api/rest/dataset/kantenwerk-org>). Msg: null
2017-07-17 21:11:56 ERROR error:73 - Task failure (<http://linkeddatacatalog.dws.informatik.uni-mannheim.de/api/rest/dataset/linkedmdb>). Msg: null
2017-07-17 21:11:58 ERROR error:73 - Task failure (<http://linkeddatacatalog.dws.informatik.uni-mannheim.de/api/rest/dataset/linked-open-data-of-ecology>). Msg: null
2017-07-17 21:12:01 ERROR error:73 - Task failure (<http://linkeddatacatalog.dws.informatik.uni-mannheim.de/api/rest/dataset/linked-user-feedback>). Msg: null
2017-07-17 21:12:06 ERROR error:73 - Task failure (<http://linkeddatacatalog.dws.informatik.uni-mannheim.de/api/rest/dataset/lotico>). Msg: null
2017-07-17 21:12:19 ERROR error:73 - Task failure (<http://linkeddatacatalog.dws.informatik.uni-mannheim.de/api/rest/dataset/msc>). Msg: null
2017-07-17 21:12:22 ERROR error:73 - Task failure (<http://linkeddatacatalog.dws.informatik.uni-mannheim.de/api/rest/dataset/my-family-lineage>). Msg: null
2017-07-17 21:12:24 ERROR error:73 - Task failure (<http://linkeddatacatalog.dws.informatik.uni-mannheim.de/api/rest/dataset/naics-2007>). Msg: null
2017-07-17 21:12:25 ERROR error:73 - Task failure (<http://linkeddatacatalog.dws.informatik.uni-mannheim.de/api/rest/dataset/naics-2012>). Msg: null
2017-07-17 21:12:25 ERROR error:73 - Task failure (<http://linkeddatacatalog.dws.informatik.uni-mannheim.de/api/rest/dataset/national-diet-library-authorities>). Msg: null
2017-07-17 21:12:26 ERROR error:73 - Task failure (<http://linkeddatacatalog.dws.informatik.uni-mannheim.de/api/rest/dataset/national-diet-library-subject-headings>). Msg: null
2017-07-17 21:12:31 ERROR error:73 - Task failure (<http://linkeddatacatalog.dws.informatik.uni-mannheim.de/api/rest/dataset/nhs-jargon>). Msg: null
2017-07-17 21:12:32 ERROR error:73 - Task failure (<http://linkeddatacatalog.dws.informatik.uni-mannheim.de/api/rest/dataset/n-lex-as-linked-data>). Msg: null
2017-07-17 21:12:33 ERROR error:73 - Task failure (<http://linkeddatacatalog.dws.informatik.uni-mannheim.de/api/rest/dataset/nomenclator-asturias>). Msg: null
2017-07-17 21:12:38 ERROR error:73 - Task failure (<http://linkeddatacatalog.dws.informatik.uni-mannheim.de/api/rest/dataset/ntlworld-com>). Msg: null
2017-07-17 21:12:40 ERROR error:73 - Task failure (<http://linkeddatacatalog.dws.informatik.uni-mannheim.de/api/rest/dataset/nvs>). Msg: null
2017-07-17 21:12:59 ERROR error:73 - Task failure (<http://linkeddatacatalog.dws.informatik.uni-mannheim.de/api/rest/dataset/oceandrilling-codices>). Msg: null
2017-07-17 21:14:15 ERROR error:73 - Task failure (<http://linkeddatacatalog.dws.informatik.uni-mannheim.de/api/rest/dataset/oceandrilling-janusamp>). Msg: null
2017-07-17 21:14:18 ERROR error:73 - Task failure (<http://linkeddatacatalog.dws.informatik.uni-mannheim.de/api/rest/dataset/oceandrilling-ldeo>). Msg: null
2017-07-17 21:14:26 ERROR error:73 - Task failure (<http://linkeddatacatalog.dws.informatik.uni-mannheim.de/api/rest/dataset/onebiglibrary-net>). Msg: null
2017-07-17 21:14:34 ERROR error:73 - Task failure (<http://linkeddatacatalog.dws.informatik.uni-mannheim.de/api/rest/dataset/opencalais>). Msg: null
2017-07-17 21:14:38 ERROR error:73 - Task failure (<http://linkeddatacatalog.dws.informatik.uni-mannheim.de/api/rest/dataset/opencyc>). Msg: null
2017-07-17 21:14:43 ERROR error:73 - Task failure (<http://linkeddatacatalog.dws.informatik.uni-mannheim.de/api/rest/dataset/open-election-data-project>). Msg: null
2017-07-17 21:16:24 ERROR error:73 - Task failure (<http://linkeddatacatalog.dws.informatik.uni-mannheim.de/api/rest/dataset/organic-edunet>). Msg: null
2017-07-17 21:16:25 ERROR error:73 - Task failure (<http://linkeddatacatalog.dws.informatik.uni-mannheim.de/api/rest/dataset/prelex>). Msg: null
2017-07-17 21:16:29 ERROR error:73 - Task failure (<http://linkeddatacatalog.dws.informatik.uni-mannheim.de/api/rest/dataset/productdb>). Msg: null
2017-07-17 21:16:38 ERROR error:73 - Task failure (<http://linkeddatacatalog.dws.informatik.uni-mannheim.de/api/rest/dataset/provenanceweb>). Msg: null
2017-07-17 21:16:39 ERROR error:73 - Task failure (<http://linkeddatacatalog.dws.informatik.uni-mannheim.de/api/rest/dataset/pscs-catalogue>). Msg: null
2017-07-17 21:16:41 ERROR error:73 - Task failure (<http://linkeddatacatalog.dws.informatik.uni-mannheim.de/api/rest/dataset/riese>). Msg: null
2017-07-17 21:16:42 ERROR error:73 - Task failure (<http://linkeddatacatalog.dws.informatik.uni-mannheim.de/api/rest/dataset/rkb-explorer-acm>). Msg: null
2017-07-17 21:16:43 ERROR error:73 - Task failure (<http://linkeddatacatalog.dws.informatik.uni-mannheim.de/api/rest/dataset/rkb-explorer-budapest>). Msg: null
2017-07-17 21:16:56 ERROR error:73 - Task failure (<http://linkeddatacatalog.dws.informatik.uni-mannheim.de/api/rest/dataset/rkb-explorer-courseware>). Msg: null
2017-07-17 21:16:58 ERROR error:73 - Task failure (<http://linkeddatacatalog.dws.informatik.uni-mannheim.de/api/rest/dataset/rkb-explorer-dblp>). Msg: null
2017-07-17 21:17:01 ERROR error:73 - Task failure (<http://linkeddatacatalog.dws.informatik.uni-mannheim.de/api/rest/dataset/rkb-explorer-deploy>). Msg: null
2017-07-17 21:17:06 ERROR error:73 - Task failure (<http://linkeddatacatalog.dws.informatik.uni-mannheim.de/api/rest/dataset/rkb-explorer-dotac>). Msg: null
2017-07-17 21:17:19 ERROR error:73 - Task failure (<http://linkeddatacatalog.dws.informatik.uni-mannheim.de/api/rest/dataset/rkb-explorer-ecs>). Msg: null
2017-07-17 21:17:22 ERROR error:73 - Task failure (<http://linkeddatacatalog.dws.informatik.uni-mannheim.de/api/rest/dataset/rkb-explorer-eprints>). Msg: null
2017-07-17 21:17:24 ERROR error:73 - Task failure (<http://linkeddatacatalog.dws.informatik.uni-mannheim.de/api/rest/dataset/rkb-explorer-era>). Msg: null
2017-07-17 21:17:25 ERROR error:73 - Task failure (<http://linkeddatacatalog.dws.informatik.uni-mannheim.de/api/rest/dataset/rkb-explorer-eurecom>). Msg: null
2017-07-17 21:17:25 ERROR error:73 - Task failure (<http://linkeddatacatalog.dws.informatik.uni-mannheim.de/api/rest/dataset/rkb-explorer-ft>). Msg: null
2017-07-17 21:17:26 ERROR error:73 - Task failure (<http://linkeddatacatalog.dws.informatik.uni-mannheim.de/api/rest/dataset/rkb-explorer-ibm>). Msg: null
2017-07-17 21:17:31 ERROR error:73 - Task failure (<http://linkeddatacatalog.dws.informatik.uni-mannheim.de/api/rest/dataset/rkb-explorer-irit>). Msg: null
2017-07-17 21:17:32 ERROR error:73 - Task failure (<http://linkeddatacatalog.dws.informatik.uni-mannheim.de/api/rest/dataset/rkb-explorer-jisc>). Msg: null
2017-07-17 21:17:33 ERROR error:73 - Task failure (<http://linkeddatacatalog.dws.informatik.uni-mannheim.de/api/rest/dataset/rkb-explorer-kaunas>). Msg: null
2017-07-17 21:17:38 ERROR error:73 - Task failure (<http://linkeddatacatalog.dws.informatik.uni-mannheim.de/api/rest/dataset/rkb-explorer-kisti>). Msg: null
2017-07-17 21:17:40 ERROR error:73 - Task failure (<http://linkeddatacatalog.dws.informatik.uni-mannheim.de/api/rest/dataset/rkb-explorer-lisbon>). Msg: null
2017-07-17 21:17:59 ERROR error:73 - Task failure (<http://linkeddatacatalog.dws.informatik.uni-mannheim.de/api/rest/dataset/rkb-explorer-newcastle>). Msg: null
