2017-07-18 09:34:41 INFO  info:138 - Dataset saved (<http://linkeddatacatalog.dws.informatik.uni-mannheim.de/api/rest/dataset/rkb-explorer-acm>).
2017-07-18 09:34:43 INFO  info:138 - Dataset saved (<http://linkeddatacatalog.dws.informatik.uni-mannheim.de/api/rest/dataset/rkb-explorer-acm>).
2017-07-18 09:35:10 INFO  info:138 - Dataset saved (<http://linkeddatacatalog.dws.informatik.uni-mannheim.de/api/rest/dataset/rkb-explorer-budapest>).
2017-07-18 09:35:10 INFO  info:138 - Dataset saved (<http://linkeddatacatalog.dws.informatik.uni-mannheim.de/api/rest/dataset/rkb-explorer-budapest>).
2017-07-18 09:35:11 INFO  info:109 - Empty captured VoID (<http://swlab.paes-leme.name:8080/resource/statusnet-fcac-com-uni-mannheim>).
2017-07-18 09:35:11 INFO  info:138 - Dataset saved (<http://linkeddatacatalog.dws.informatik.uni-mannheim.de/api/rest/dataset/statusnet-fcac-com>).
2017-07-18 09:35:14 INFO  info:138 - Dataset saved (<http://linkeddatacatalog.dws.informatik.uni-mannheim.de/api/rest/dataset/rkb-explorer-courseware>).
2017-07-18 09:35:14 INFO  info:138 - Dataset saved (<http://linkeddatacatalog.dws.informatik.uni-mannheim.de/api/rest/dataset/rkb-explorer-courseware>).
2017-07-18 09:35:19 INFO  info:138 - Dataset saved (<http://linkeddatacatalog.dws.informatik.uni-mannheim.de/api/rest/dataset/rkb-explorer-eprints>).
2017-07-18 09:35:19 INFO  info:138 - Dataset saved (<http://linkeddatacatalog.dws.informatik.uni-mannheim.de/api/rest/dataset/rkb-explorer-eprints>).
2017-07-18 09:35:55 INFO  info:138 - Dataset saved (<http://linkeddatacatalog.dws.informatik.uni-mannheim.de/api/rest/dataset/rkb-explorer-dblp>).
2017-07-18 09:35:55 INFO  info:138 - Dataset saved (<http://linkeddatacatalog.dws.informatik.uni-mannheim.de/api/rest/dataset/rkb-explorer-dblp>).
2017-07-18 09:35:59 INFO  info:138 - Dataset saved (<http://linkeddatacatalog.dws.informatik.uni-mannheim.de/api/rest/dataset/rkb-explorer-era>).
2017-07-18 09:35:59 INFO  info:138 - Dataset saved (<http://linkeddatacatalog.dws.informatik.uni-mannheim.de/api/rest/dataset/rkb-explorer-era>).
2017-07-18 09:36:03 INFO  info:138 - Dataset saved (<http://linkeddatacatalog.dws.informatik.uni-mannheim.de/api/rest/dataset/rkb-explorer-dotac>).
2017-07-18 09:36:03 INFO  info:138 - Dataset saved (<http://linkeddatacatalog.dws.informatik.uni-mannheim.de/api/rest/dataset/rkb-explorer-dotac>).
2017-07-18 09:36:04 INFO  info:138 - Dataset saved (<http://linkeddatacatalog.dws.informatik.uni-mannheim.de/api/rest/dataset/rkb-explorer-jisc>).
2017-07-18 09:36:04 INFO  info:138 - Dataset saved (<http://linkeddatacatalog.dws.informatik.uni-mannheim.de/api/rest/dataset/rkb-explorer-jisc>).
2017-07-18 09:36:04 INFO  info:138 - Dataset saved (<http://linkeddatacatalog.dws.informatik.uni-mannheim.de/api/rest/dataset/rkb-explorer-eurecom>).
2017-07-18 09:36:05 INFO  info:138 - Dataset saved (<http://linkeddatacatalog.dws.informatik.uni-mannheim.de/api/rest/dataset/rkb-explorer-eurecom>).
2017-07-18 09:36:06 INFO  info:138 - Dataset saved (<http://linkeddatacatalog.dws.informatik.uni-mannheim.de/api/rest/dataset/rkb-explorer-ft>).
2017-07-18 09:36:07 INFO  info:138 - Dataset saved (<http://linkeddatacatalog.dws.informatik.uni-mannheim.de/api/rest/dataset/rkb-explorer-ft>).
2017-07-18 09:36:09 INFO  info:138 - Dataset saved (<http://linkeddatacatalog.dws.informatik.uni-mannheim.de/api/rest/dataset/rkb-explorer-ibm>).
2017-07-18 09:36:09 INFO  info:138 - Dataset saved (<http://linkeddatacatalog.dws.informatik.uni-mannheim.de/api/rest/dataset/rkb-explorer-ibm>).
2017-07-18 09:36:09 INFO  info:138 - Dataset saved (<http://linkeddatacatalog.dws.informatik.uni-mannheim.de/api/rest/dataset/rkb-explorer-irit>).
2017-07-18 09:36:10 INFO  info:138 - Dataset saved (<http://linkeddatacatalog.dws.informatik.uni-mannheim.de/api/rest/dataset/rkb-explorer-irit>).
2017-07-18 09:36:12 INFO  info:138 - Dataset saved (<http://linkeddatacatalog.dws.informatik.uni-mannheim.de/api/rest/dataset/rkb-explorer-kaunas>).
2017-07-18 09:36:12 INFO  info:138 - Dataset saved (<http://linkeddatacatalog.dws.informatik.uni-mannheim.de/api/rest/dataset/rkb-explorer-kaunas>).
2017-07-18 09:36:14 INFO  info:138 - Dataset saved (<http://linkeddatacatalog.dws.informatik.uni-mannheim.de/api/rest/dataset/rkb-explorer-newcastle>).
2017-07-18 09:36:14 INFO  info:138 - Dataset saved (<http://linkeddatacatalog.dws.informatik.uni-mannheim.de/api/rest/dataset/rkb-explorer-newcastle>).
2017-07-18 09:36:14 INFO  info:138 - Dataset saved (<http://linkeddatacatalog.dws.informatik.uni-mannheim.de/api/rest/dataset/rkb-explorer-lisbon>).
2017-07-18 09:36:15 INFO  info:138 - Dataset saved (<http://linkeddatacatalog.dws.informatik.uni-mannheim.de/api/rest/dataset/rkb-explorer-lisbon>).
2017-07-18 09:36:18 INFO  info:138 - Dataset saved (<http://linkeddatacatalog.dws.informatik.uni-mannheim.de/api/rest/dataset/rkb-explorer-nsf>).
2017-07-18 09:36:18 INFO  info:138 - Dataset saved (<http://linkeddatacatalog.dws.informatik.uni-mannheim.de/api/rest/dataset/rkb-explorer-nsf>).
2017-07-18 09:36:23 INFO  info:138 - Dataset saved (<http://linkeddatacatalog.dws.informatik.uni-mannheim.de/api/rest/dataset/rkb-explorer-kisti>).
2017-07-18 09:36:23 INFO  info:138 - Dataset saved (<http://linkeddatacatalog.dws.informatik.uni-mannheim.de/api/rest/dataset/rkb-explorer-kisti>).
2017-07-18 09:36:24 INFO  info:138 - Dataset saved (<http://linkeddatacatalog.dws.informatik.uni-mannheim.de/api/rest/dataset/rkb-explorer-roma>).
2017-07-18 09:36:25 INFO  info:138 - Dataset saved (<http://linkeddatacatalog.dws.informatik.uni-mannheim.de/api/rest/dataset/rkb-explorer-roma>).
2017-07-18 09:36:29 INFO  info:109 - Empty captured VoID (<http://swlab.paes-leme.name:8080/resource/rkb-explorer-oai-uni-mannheim>).
2017-07-18 09:36:29 INFO  info:138 - Dataset saved (<http://linkeddatacatalog.dws.informatik.uni-mannheim.de/api/rest/dataset/rkb-explorer-oai>).
2017-07-18 09:36:33 INFO  info:138 - Dataset saved (<http://linkeddatacatalog.dws.informatik.uni-mannheim.de/api/rest/dataset/rkb-explorer-pisa>).
2017-07-18 09:36:33 INFO  info:138 - Dataset saved (<http://linkeddatacatalog.dws.informatik.uni-mannheim.de/api/rest/dataset/rkb-explorer-pisa>).
2017-07-18 09:37:30 INFO  info:138 - Dataset saved (<http://linkeddatacatalog.dws.informatik.uni-mannheim.de/api/rest/dataset/rkb-explorer-southampton>).
2017-07-18 09:37:30 INFO  info:138 - Dataset saved (<http://linkeddatacatalog.dws.informatik.uni-mannheim.de/api/rest/dataset/rkb-explorer-southampton>).
2017-07-18 09:37:39 INFO  info:138 - Dataset saved (<http://linkeddatacatalog.dws.informatik.uni-mannheim.de/api/rest/dataset/rkb-explorer-ulm>).
2017-07-18 09:37:40 INFO  info:138 - Dataset saved (<http://linkeddatacatalog.dws.informatik.uni-mannheim.de/api/rest/dataset/rkb-explorer-ulm>).
2017-07-18 09:37:41 INFO  info:138 - Dataset saved (<http://linkeddatacatalog.dws.informatik.uni-mannheim.de/api/rest/dataset/rkb-explorer-unlocode>).
2017-07-18 09:37:41 INFO  info:138 - Dataset saved (<http://linkeddatacatalog.dws.informatik.uni-mannheim.de/api/rest/dataset/rkb-explorer-unlocode>).
2017-07-18 09:49:14 INFO  info:109 - Empty captured VoID (<http://swlab.paes-leme.name:8080/resource/all-people-economically-active-in-employment-self-employed-datahub>).
2017-07-18 09:49:14 INFO  info:138 - Dataset saved (<http://datahub.io/api/rest/dataset/all-people-economically-active-in-employment-self-employed>).
2017-07-18 09:49:23 INFO  info:109 - Empty captured VoID (<http://swlab.paes-leme.name:8080/resource/annualseasonalprecipitationwetyears-datahub>).
2017-07-18 09:49:23 INFO  info:138 - Dataset saved (<http://datahub.io/api/rest/dataset/annualseasonalprecipitationwetyears>).
2017-07-18 09:49:37 INFO  info:109 - Empty captured VoID (<http://swlab.paes-leme.name:8080/resource/ansd_test3-datahub>).
2017-07-18 09:49:38 INFO  info:109 - Empty captured VoID (<http://swlab.paes-leme.name:8080/resource/ansd_test3ansd_test3ansd_test3ansd_test3ansd_test3-datahub>).
2017-07-18 09:49:38 INFO  info:109 - Empty captured VoID (<http://swlab.paes-leme.name:8080/resource/ansd_test2-datahub>).
