2017-07-17 14:29:15 INFO  info:109 - Empty captured VoID (<http://swlab.paes-leme.name:8080/resource/5ver-net-uni-mannheim>).
2017-07-17 14:29:15 INFO  info:138 - Dataset saved (<http://linkeddatacatalog.dws.informatik.uni-mannheim.de/api/rest/dataset/5ver-net>).
2017-07-17 14:29:15 INFO  info:109 - Empty captured VoID (<http://swlab.paes-leme.name:8080/resource/abdn-ac-uk-uni-mannheim>).
2017-07-17 14:29:15 INFO  info:138 - Dataset saved (<http://linkeddatacatalog.dws.informatik.uni-mannheim.de/api/rest/dataset/abdn-ac-uk>).
2017-07-17 14:29:16 INFO  info:109 - Empty captured VoID (<http://swlab.paes-leme.name:8080/resource/acadonto-uni-mannheim>).
2017-07-17 14:29:16 INFO  info:138 - Dataset saved (<http://linkeddatacatalog.dws.informatik.uni-mannheim.de/api/rest/dataset/acadonto>).
2017-07-17 14:29:17 INFO  info:109 - Empty captured VoID (<http://swlab.paes-leme.name:8080/resource/adrideo-com-uni-mannheim>).
2017-07-17 14:29:17 INFO  info:138 - Dataset saved (<http://linkeddatacatalog.dws.informatik.uni-mannheim.de/api/rest/dataset/adrideo-com>).
2017-07-17 14:29:17 ERROR riot:84 - [line: 1, col: 7 ] Bad character in IRI (space): <?xml[space]...>
2017-07-17 14:29:18 INFO  info:109 - Empty captured VoID (<http://swlab.paes-leme.name:8080/resource/academic-offer-of-unl-uni-mannheim>).
2017-07-17 14:29:18 INFO  info:138 - Dataset saved (<http://linkeddatacatalog.dws.informatik.uni-mannheim.de/api/rest/dataset/academic-offer-of-unl>).
2017-07-17 14:29:18 INFO  info:109 - Empty captured VoID (<http://swlab.paes-leme.name:8080/resource/advogato-uni-mannheim>).
2017-07-17 14:29:18 INFO  info:138 - Dataset saved (<http://linkeddatacatalog.dws.informatik.uni-mannheim.de/api/rest/dataset/advogato>).
2017-07-17 14:29:19 INFO  info:109 - Empty captured VoID (<http://swlab.paes-leme.name:8080/resource/agrinepaldata-uni-mannheim>).
2017-07-17 14:29:19 INFO  info:138 - Dataset saved (<http://linkeddatacatalog.dws.informatik.uni-mannheim.de/api/rest/dataset/agrinepaldata>).
2017-07-17 14:29:20 INFO  info:109 - Empty captured VoID (<http://swlab.paes-leme.name:8080/resource/13mm-de-uni-mannheim>).
2017-07-17 14:29:20 INFO  info:138 - Dataset saved (<http://linkeddatacatalog.dws.informatik.uni-mannheim.de/api/rest/dataset/13mm-de>).
2017-07-17 14:29:20 ERROR riot:84 - [line: 2, col: 6 ] Bad character in IRI (space): <!--[space]...>
2017-07-17 14:29:20 INFO  info:109 - Empty captured VoID (<http://swlab.paes-leme.name:8080/resource/alchemyapi-uni-mannheim>).
2017-07-17 14:29:21 INFO  info:138 - Dataset saved (<http://linkeddatacatalog.dws.informatik.uni-mannheim.de/api/rest/dataset/alchemyapi>).
2017-07-17 14:29:22 INFO  info:109 - Empty captured VoID (<http://swlab.paes-leme.name:8080/resource/aifkb-kit-uni-mannheim>).
2017-07-17 14:29:22 INFO  info:138 - Dataset saved (<http://linkeddatacatalog.dws.informatik.uni-mannheim.de/api/rest/dataset/aifkb-kit>).
2017-07-17 14:29:23 INFO  info:109 - Empty captured VoID (<http://swlab.paes-leme.name:8080/resource/analisi-del-blog-http-www-beppegrillo-it-uni-mannheim>).
2017-07-17 14:29:23 INFO  info:138 - Dataset saved (<http://linkeddatacatalog.dws.informatik.uni-mannheim.de/api/rest/dataset/analisi-del-blog-http-www-beppegrillo-it>).
2017-07-17 14:29:23 INFO  info:109 - Empty captured VoID (<http://swlab.paes-leme.name:8080/resource/alpino-rdf-uni-mannheim>).
2017-07-17 14:29:23 ERROR riot:84 - [line: 1, col: 7 ] Bad character in IRI (space): <?xml[space]...>
2017-07-17 14:29:23 INFO  info:138 - Dataset saved (<http://linkeddatacatalog.dws.informatik.uni-mannheim.de/api/rest/dataset/alpino-rdf>).
2017-07-17 14:29:23 INFO  info:109 - Empty captured VoID (<http://swlab.paes-leme.name:8080/resource/adullact-uni-mannheim>).
2017-07-17 14:29:23 INFO  info:138 - Dataset saved (<http://linkeddatacatalog.dws.informatik.uni-mannheim.de/api/rest/dataset/adullact>).
2017-07-17 14:29:23 ERROR riot:84 - [line: 1, col: 8 ] Bad character in IRI (space): <?xml[space]...>
2017-07-17 14:29:23 INFO  info:109 - Empty captured VoID (<http://swlab.paes-leme.name:8080/resource/andzol-com-uni-mannheim>).
2017-07-17 14:29:24 INFO  info:138 - Dataset saved (<http://linkeddatacatalog.dws.informatik.uni-mannheim.de/api/rest/dataset/andzol-com>).
2017-07-17 14:29:24 WARN  riot:77 - [line: 40, col: 94] {W107} Bad URI: <http://maps.yandex.ru/?text=Россия, Казань> Code: 17/WHITESPACE in QUERY: A single whitespace character. These match no grammar rules of URIs/IRIs. These characters are permitted in RDF URI References, XML system identifiers, and XML Schema anyURIs.
2017-07-17 14:29:24 ERROR riot:84 - Bad character in IRI (space): <http://maps.yandex.ru/?text=Россия,[space]...>
2017-07-17 14:29:24 ERROR riot:84 - [line: 1, col: 7 ] Bad character in IRI (space): <?xml[space]...>
2017-07-17 14:29:24 ERROR riot:84 - [line: 1, col: 7 ] Bad character in IRI (space): <?xml[space]...>
2017-07-17 14:29:24 WARN  riot:77 - [line: 5, col: 57] {W102} Unqualified property attributes are not allowed. Property treated as a relative URI.
2017-07-17 14:29:24 ERROR riot:84 - [line: 6, col: 13] {E201} Multiple children of property element
2017-07-17 14:29:24 INFO  info:109 - Empty captured VoID (<http://swlab.paes-leme.name:8080/resource/allen-brain-atlas-uni-mannheim>).
2017-07-17 14:29:24 ERROR riot:84 - [line: 1, col: 8 ] Bad character in IRI (space): <?xml[space]...>
2017-07-17 14:29:24 INFO  info:138 - Dataset saved (<http://linkeddatacatalog.dws.informatik.uni-mannheim.de/api/rest/dataset/allen-brain-atlas>).
2017-07-17 14:29:24 ERROR riot:84 - [line: 1, col: 7 ] Bad character in IRI (space): <?xml[space]...>
2017-07-17 14:29:24 ERROR riot:84 - [line: 1, col: 8 ] Bad character in IRI (space): <?xml[space]...>
2017-07-17 14:29:24 ERROR riot:84 - [line: 1, col: 7 ] Bad character in IRI (space): <?xml[space]...>
2017-07-17 14:29:24 INFO  info:109 - Empty captured VoID (<http://swlab.paes-leme.name:8080/resource/advogato-org-uni-mannheim>).
2017-07-17 14:29:25 ERROR riot:84 - [line: 1, col: 8 ] Bad character in IRI (space): <?xml[space]...>
2017-07-17 14:29:25 INFO  info:138 - Dataset saved (<http://linkeddatacatalog.dws.informatik.uni-mannheim.de/api/rest/dataset/advogato-org>).
2017-07-17 14:29:25 ERROR riot:84 - [line: 1, col: 7 ] Bad character in IRI (space): <?xml[space]...>
2017-07-17 14:29:25 ERROR riot:84 - [line: 1, col: 2 ] Unexpected character ('﻿' (code 65279 / 0xfeff)): expected a valid value (number, String, array, object, 'true', 'false' or 'null')
2017-07-17 14:29:25 ERROR riot:84 - [line: 1, col: 7 ] Bad character in IRI (space): <?xml[space]...>
2017-07-17 14:29:25 ERROR riot:84 - [line: 1, col: 2 ] Unexpected character ('<' (code 60)): expected a valid value (number, String, array, object, 'true', 'false' or 'null')
2017-07-17 14:29:25 ERROR riot:84 - [line: 1, col: 7 ] Bad character in IRI (space): <?xml[space]...>
2017-07-17 14:29:25 ERROR riot:84 - [line: 1, col: 2 ] Expected a { character to start a JSON Object but got [LT]
2017-07-17 14:29:25 WARN  riot:77 - [line: 38, col: 75] {W102} Unqualified property attributes are not allowed. Property treated as a relative URI.
2017-07-17 14:29:25 ERROR riot:84 - [line: 38, col: 88] {E202} Expecting XML start or end element(s). String data "Soxiam UI Set" not allowed. Maybe there should be an rdf:parseType='Literal' for embedding mixed XML content in RDF. Maybe a striping error.
2017-07-17 14:29:25 INFO  info:109 - Empty captured VoID (<http://swlab.paes-leme.name:8080/resource/2000-us-census-rdf-uni-mannheim>).
2017-07-17 14:29:25 ERROR riot:84 - [line: 1, col: 1 ] Expected a { character to start a JSON Object but got [LT]
2017-07-17 14:29:25 INFO  info:138 - Dataset saved (<http://linkeddatacatalog.dws.informatik.uni-mannheim.de/api/rest/dataset/2000-us-census-rdf>).
2017-07-17 14:29:25 ERROR riot:84 - [line: 1, col: 7 ] Bad character in IRI (space): <?xml[space]...>
2017-07-17 14:29:25 ERROR riot:84 - [line: 10, col: 2 ] Unrecognized XML element: rdf:RDF
2017-07-17 14:29:25 ERROR riot:84 - [line: 2, col: 176] Unrecognized XML element: powder
2017-07-17 14:29:25 INFO  info:109 - Empty captured VoID (<http://swlab.paes-leme.name:8080/resource/alochana-net-uni-mannheim>).
2017-07-17 14:29:26 ERROR riot:84 - [line: 1, col: 7 ] Bad character in IRI (space): <?xml[space]...>
2017-07-17 14:29:26 INFO  info:138 - Dataset saved (<http://linkeddatacatalog.dws.informatik.uni-mannheim.de/api/rest/dataset/alochana-net>).
2017-07-17 14:29:26 ERROR riot:84 - [line: 1, col: 7 ] Bad character in IRI (space): <?xml[space]...>
2017-07-17 14:29:26 INFO  info:109 - Empty captured VoID (<http://swlab.paes-leme.name:8080/resource/aksw-org-uni-mannheim>).
2017-07-17 14:29:26 ERROR riot:84 - [line: 1, col: 2 ] Unexpected character ('<' (code 60)): expected a valid value (number, String, array, object, 'true', 'false' or 'null')
2017-07-17 14:29:26 ERROR riot:84 - [line: 1, col: 7 ] Bad character in IRI (space): <?xml[space]...>
2017-07-17 14:29:26 INFO  info:138 - Dataset saved (<http://linkeddatacatalog.dws.informatik.uni-mannheim.de/api/rest/dataset/aksw-org>).
2017-07-17 14:29:26 ERROR riot:84 - [line: 1, col: 7 ] Bad character in IRI (space): <?xml[space]...>
2017-07-17 14:29:26 INFO  info:109 - Empty captured VoID (<http://swlab.paes-leme.name:8080/resource/altervista-org-uni-mannheim>).
2017-07-17 14:29:26 ERROR riot:84 - [line: 1, col: 1 ] Expected a { character to start a JSON Object but got [LT]
2017-07-17 14:29:26 INFO  info:138 - Dataset saved (<http://linkeddatacatalog.dws.informatik.uni-mannheim.de/api/rest/dataset/altervista-org>).
2017-07-17 14:29:26 INFO  info:109 - Empty captured VoID (<http://swlab.paes-leme.name:8080/resource/anearalone-com-uni-mannheim>).
2017-07-17 14:29:26 ERROR riot:84 - [line: 9, col: 36] Unrecognized XML element: rdf:RDF
2017-07-17 14:29:26 INFO  info:138 - Dataset saved (<http://linkeddatacatalog.dws.informatik.uni-mannheim.de/api/rest/dataset/anearalone-com>).
2017-07-17 14:29:26 WARN  riot:77 - [line: 2, col: 52] {W119} A processing instruction is in RDF content. No processing was done. 
2017-07-17 14:29:26 WARN  riot:77 - [line: 3, col: 19] {W104} Unqualified typed nodes are not allowed. Type treated as a relative URI.
2017-07-17 14:29:26 WARN  riot:77 - [line: 4, col: 11] {W104} Unqualified property elements are not allowed. Treated as a relative URI.
2017-07-17 14:29:26 WARN  riot:77 - [line: 5, col: 10] {W104} Unqualified property elements are not allowed. Treated as a relative URI.
2017-07-17 14:29:26 WARN  riot:77 - [line: 6, col: 9 ] {W104} Unqualified property elements are not allowed. Treated as a relative URI.
2017-07-17 14:29:26 WARN  riot:77 - [line: 7, col: 14] {W104} Unqualified property elements are not allowed. Treated as a relative URI.
2017-07-17 14:29:26 WARN  riot:77 - [line: 8, col: 12] {W104} Unqualified property elements are not allowed. Treated as a relative URI.
2017-07-17 14:29:26 WARN  riot:77 - [line: 9, col: 14] {W104} Unqualified property elements are not allowed. Treated as a relative URI.
2017-07-17 14:29:26 WARN  riot:77 - [line: 10, col: 12] {W104} Unqualified property elements are not allowed. Treated as a relative URI.
2017-07-17 14:29:26 WARN  riot:77 - [line: 11, col: 8 ] {W104} Unqualified property elements are not allowed. Treated as a relative URI.
2017-07-17 14:29:26 WARN  riot:77 - [line: 12, col: 8 ] {W104} Unqualified property elements are not allowed. Treated as a relative URI.
2017-07-17 14:29:26 WARN  riot:77 - [line: 13, col: 8 ] {W104} Unqualified property elements are not allowed. Treated as a relative URI.
2017-07-17 14:29:26 WARN  riot:77 - [line: 14, col: 11] {W104} Unqualified property elements are not allowed. Treated as a relative URI.
2017-07-17 14:29:26 WARN  riot:77 - [line: 15, col: 9 ] {W104} Unqualified property elements are not allowed. Treated as a relative URI.
2017-07-17 14:29:26 WARN  riot:77 - [line: 16, col: 12] {W104} Unqualified property elements are not allowed. Treated as a relative URI.
2017-07-17 14:29:26 WARN  riot:77 - [line: 17, col: 11] {W104} Unqualified property elements are not allowed. Treated as a relative URI.
2017-07-17 14:29:26 WARN  riot:77 - [line: 18, col: 14] {W104} Unqualified property elements are not allowed. Treated as a relative URI.
2017-07-17 14:29:26 WARN  riot:77 - [line: 19, col: 12] {W104} Unqualified property elements are not allowed. Treated as a relative URI.
2017-07-17 14:29:26 WARN  riot:77 - [line: 20, col: 9 ] {W104} Unqualified property elements are not allowed. Treated as a relative URI.
2017-07-17 14:29:26 WARN  riot:77 - [line: 21, col: 10] {W104} Unqualified property elements are not allowed. Treated as a relative URI.
2017-07-17 14:29:27 INFO  info:109 - Empty captured VoID (<http://swlab.paes-leme.name:8080/resource/alik-su-uni-mannheim>).
2017-07-17 14:29:27 INFO  info:138 - Dataset saved (<http://linkeddatacatalog.dws.informatik.uni-mannheim.de/api/rest/dataset/alik-su>).
2017-07-17 14:29:28 INFO  info:109 - Empty captured VoID (<http://swlab.paes-leme.name:8080/resource/anjeve-de-uni-mannheim>).
2017-07-17 14:29:28 INFO  info:138 - Dataset saved (<http://linkeddatacatalog.dws.informatik.uni-mannheim.de/api/rest/dataset/anjeve-de>).
2017-07-17 14:29:28 INFO  info:109 - Empty captured VoID (<http://swlab.paes-leme.name:8080/resource/andrea-perego-name-uni-mannheim>).
2017-07-17 14:29:29 INFO  info:138 - Dataset saved (<http://linkeddatacatalog.dws.informatik.uni-mannheim.de/api/rest/dataset/andrea-perego-name>).
2017-07-17 14:29:29 ERROR riot:84 - [line: 1, col: 7 ] Bad character in IRI (space): <?xml[space]...>
2017-07-17 14:29:29 INFO  info:109 - Empty captured VoID (<http://swlab.paes-leme.name:8080/resource/apache-uni-mannheim>).
2017-07-17 14:29:29 INFO  info:138 - Dataset saved (<http://linkeddatacatalog.dws.informatik.uni-mannheim.de/api/rest/dataset/apache>).
2017-07-17 14:29:29 INFO  info:109 - Empty captured VoID (<http://swlab.paes-leme.name:8080/resource/agfa-com-uni-mannheim>).
2017-07-17 14:29:29 INFO  info:138 - Dataset saved (<http://linkeddatacatalog.dws.informatik.uni-mannheim.de/api/rest/dataset/agfa-com>).
2017-07-17 14:29:30 INFO  info:109 - Empty captured VoID (<http://swlab.paes-leme.name:8080/resource/andybudd-com-uni-mannheim>).
2017-07-17 14:29:30 INFO  info:138 - Dataset saved (<http://linkeddatacatalog.dws.informatik.uni-mannheim.de/api/rest/dataset/andybudd-com>).
2017-07-17 14:29:30 INFO  info:109 - Empty captured VoID (<http://swlab.paes-leme.name:8080/resource/antiflux-org-uni-mannheim>).
2017-07-17 14:29:30 INFO  info:138 - Dataset saved (<http://linkeddatacatalog.dws.informatik.uni-mannheim.de/api/rest/dataset/antiflux-org>).
2017-07-17 14:29:31 INFO  info:109 - Empty captured VoID (<http://swlab.paes-leme.name:8080/resource/airforcehistoryindex-uni-mannheim>).
2017-07-17 14:29:31 INFO  info:138 - Dataset saved (<http://linkeddatacatalog.dws.informatik.uni-mannheim.de/api/rest/dataset/airforcehistoryindex>).
2017-07-17 14:29:33 INFO  info:109 - Empty captured VoID (<http://swlab.paes-leme.name:8080/resource/aspire-brunel-uni-mannheim>).
2017-07-17 14:29:33 INFO  info:138 - Dataset saved (<http://linkeddatacatalog.dws.informatik.uni-mannheim.de/api/rest/dataset/aspire-brunel>).
2017-07-17 14:29:33 INFO  info:109 - Empty captured VoID (<http://swlab.paes-leme.name:8080/resource/aspire-derby-uni-mannheim>).
2017-07-17 14:29:34 INFO  info:138 - Dataset saved (<http://linkeddatacatalog.dws.informatik.uni-mannheim.de/api/rest/dataset/aspire-derby>).
2017-07-17 14:29:34 ERROR riot:84 - [line: 1, col: 7 ] Bad character in IRI (space): <?xml[space]...>
2017-07-17 14:29:35 INFO  info:109 - Empty captured VoID (<http://swlab.paes-leme.name:8080/resource/addgene-uni-mannheim>).
2017-07-17 14:29:35 INFO  info:138 - Dataset saved (<http://linkeddatacatalog.dws.informatik.uni-mannheim.de/api/rest/dataset/addgene>).
2017-07-17 14:29:38 INFO  info:109 - Empty captured VoID (<http://swlab.paes-leme.name:8080/resource/aspire-hope-uni-mannheim>).
2017-07-17 14:29:38 INFO  info:138 - Dataset saved (<http://linkeddatacatalog.dws.informatik.uni-mannheim.de/api/rest/dataset/aspire-hope>).
2017-07-17 14:29:39 INFO  info:109 - Empty captured VoID (<http://swlab.paes-leme.name:8080/resource/aspire-bournemouth-uni-mannheim>).
2017-07-17 14:29:39 INFO  info:138 - Dataset saved (<http://linkeddatacatalog.dws.informatik.uni-mannheim.de/api/rest/dataset/aspire-bournemouth>).
2017-07-17 14:29:39 INFO  info:109 - Empty captured VoID (<http://swlab.paes-leme.name:8080/resource/asit-uni-mannheim>).
2017-07-17 14:29:40 INFO  info:138 - Dataset saved (<http://linkeddatacatalog.dws.informatik.uni-mannheim.de/api/rest/dataset/asit>).
2017-07-17 14:29:40 INFO  info:109 - Empty captured VoID (<http://swlab.paes-leme.name:8080/resource/aspire-manchester-uni-mannheim>).
2017-07-17 14:29:40 INFO  info:138 - Dataset saved (<http://linkeddatacatalog.dws.informatik.uni-mannheim.de/api/rest/dataset/aspire-manchester>).
2017-07-17 14:29:44 INFO  info:109 - Empty captured VoID (<http://swlab.paes-leme.name:8080/resource/aspire-portsmouth-uni-mannheim>).
2017-07-17 14:29:44 INFO  info:138 - Dataset saved (<http://linkeddatacatalog.dws.informatik.uni-mannheim.de/api/rest/dataset/aspire-portsmouth>).
2017-07-17 14:29:44 INFO  info:109 - Empty captured VoID (<http://swlab.paes-leme.name:8080/resource/aspire-bolton-uni-mannheim>).
2017-07-17 14:29:44 INFO  info:138 - Dataset saved (<http://linkeddatacatalog.dws.informatik.uni-mannheim.de/api/rest/dataset/aspire-bolton>).
2017-07-17 14:29:44 INFO  info:109 - Empty captured VoID (<http://swlab.paes-leme.name:8080/resource/aspire-mmu-uni-mannheim>).
2017-07-17 14:29:44 INFO  info:138 - Dataset saved (<http://linkeddatacatalog.dws.informatik.uni-mannheim.de/api/rest/dataset/aspire-mmu>).
2017-07-17 14:29:44 INFO  info:109 - Empty captured VoID (<http://swlab.paes-leme.name:8080/resource/3kbo-com-uni-mannheim>).
2017-07-17 14:29:44 INFO  info:138 - Dataset saved (<http://linkeddatacatalog.dws.informatik.uni-mannheim.de/api/rest/dataset/3kbo-com>).
2017-07-17 14:29:44 ERROR riot:84 - [line: 1, col: 7 ] Bad character in IRI (space): <?xml[space]...>
2017-07-17 14:29:45 ERROR riot:84 - [line: 2, col: 1 ] Broken IRI (newline): rdf:RDF
2017-07-17 14:29:45 INFO  info:109 - Empty captured VoID (<http://swlab.paes-leme.name:8080/resource/aspire-plymouth-uni-mannheim>).
2017-07-17 14:29:45 INFO  info:138 - Dataset saved (<http://linkeddatacatalog.dws.informatik.uni-mannheim.de/api/rest/dataset/aspire-plymouth>).
2017-07-17 14:29:48 ERROR riot:84 - [line: 2, col: 1 ] Broken IRI (newline): rdf:RDF
2017-07-17 14:29:48 INFO  info:109 - Empty captured VoID (<http://swlab.paes-leme.name:8080/resource/aspire-harper-adams-uni-mannheim>).
2017-07-17 14:29:48 INFO  info:138 - Dataset saved (<http://linkeddatacatalog.dws.informatik.uni-mannheim.de/api/rest/dataset/aspire-harper-adams>).
2017-07-17 14:29:48 ERROR riot:84 - [line: 1, col: 7 ] Bad character in IRI (space): <?xml[space]...>
2017-07-17 14:29:49 INFO  info:109 - Empty captured VoID (<http://swlab.paes-leme.name:8080/resource/aspire-roehampton-uni-mannheim>).
2017-07-17 14:29:49 INFO  info:138 - Dataset saved (<http://linkeddatacatalog.dws.informatik.uni-mannheim.de/api/rest/dataset/aspire-roehampton>).
2017-07-17 14:29:49 INFO  info:109 - Empty captured VoID (<http://swlab.paes-leme.name:8080/resource/aspire-qmul-uni-mannheim>).
2017-07-17 14:29:50 INFO  info:138 - Dataset saved (<http://linkeddatacatalog.dws.informatik.uni-mannheim.de/api/rest/dataset/aspire-qmul>).
2017-07-17 14:29:50 INFO  info:109 - Empty captured VoID (<http://swlab.paes-leme.name:8080/resource/asjp-uni-mannheim>).
2017-07-17 14:29:50 INFO  info:138 - Dataset saved (<http://linkeddatacatalog.dws.informatik.uni-mannheim.de/api/rest/dataset/asjp>).
2017-07-17 14:29:51 INFO  info:109 - Empty captured VoID (<http://swlab.paes-leme.name:8080/resource/aspire-keele-uni-mannheim>).
2017-07-17 14:29:51 INFO  info:138 - Dataset saved (<http://linkeddatacatalog.dws.informatik.uni-mannheim.de/api/rest/dataset/aspire-keele>).
2017-07-17 14:29:53 ERROR riot:84 - [line: 1, col: 7 ] Bad character in IRI (space): <?xml[space]...>
2017-07-17 14:29:54 ERROR riot:84 - [line: 1, col: 10] Broken IRI (CR): rdf:RDF
2017-07-17 14:29:57 ERROR riot:84 - [line: 26, col: 13] @prefix requires an IRI (found '[PREFIXED_NAME:http:]')
2017-07-17 14:29:58 ERROR riot:84 - [line: 1, col: 1 ] Content is not allowed in prolog.
2017-07-17 14:29:58 ERROR riot:84 - [line: 1, col: 7 ] Bad character in IRI (space): <?xml[space]...>
2017-07-17 14:29:58 ERROR riot:84 - [line: 1, col: 1 ] Expected BNode or IRI: Got: [DIRECTIVE:prefix]
2017-07-17 14:29:58 ERROR riot:84 - [line: 26, col: 13] @prefix requires an IRI (found '[PREFIXED_NAME:http:]')
2017-07-17 14:29:59 INFO  info:109 - Empty captured VoID (<http://swlab.paes-leme.name:8080/resource/aspire-rgu-uni-mannheim>).
2017-07-17 14:29:59 INFO  info:138 - Dataset saved (<http://linkeddatacatalog.dws.informatik.uni-mannheim.de/api/rest/dataset/aspire-rgu>).
2017-07-17 14:29:59 ERROR riot:84 - [line: 1, col: 1 ] Expected BNode or IRI: Got: [DIRECTIVE:prefix]
2017-07-17 14:29:59 ERROR riot:84 - [line: 1, col: 2 ] Unexpected character ('@' (code 64)): expected a valid value (number, String, array, object, 'true', 'false' or 'null')
2017-07-17 14:29:59 ERROR riot:84 - [line: 1, col: 7 ] Bad character in IRI (space): <?xml[space]...>
2017-07-17 14:29:59 ERROR riot:84 - [line: 1, col: 1 ] XML error: ParseError at [row,col]:[1,1]
Message: Content is not allowed in prolog.
2017-07-17 14:30:00 WARN  ThriftConvert:80 - visit: Unrecognized: <RDF_StreamRow >
2017-07-17 14:30:00 WARN  ThriftConvert:80 - visit: Unrecognized: <RDF_StreamRow >
2017-07-17 14:30:00 WARN  ThriftConvert:80 - visit: Unrecognized: <RDF_StreamRow >
2017-07-17 14:30:00 WARN  ThriftConvert:80 - visit: Unrecognized: <RDF_StreamRow >
2017-07-17 14:30:00 INFO  info:109 - Empty captured VoID (<http://swlab.paes-leme.name:8080/resource/auth-gr-uni-mannheim>).
2017-07-17 14:30:00 INFO  info:138 - Dataset saved (<http://linkeddatacatalog.dws.informatik.uni-mannheim.de/api/rest/dataset/auth-gr>).
2017-07-17 14:30:00 INFO  info:109 - Empty captured VoID (<http://swlab.paes-leme.name:8080/resource/aspire-ntu-uni-mannheim>).
2017-07-17 14:30:00 INFO  info:138 - Dataset saved (<http://linkeddatacatalog.dws.informatik.uni-mannheim.de/api/rest/dataset/aspire-ntu>).
2017-07-17 14:30:01 INFO  info:109 - Empty captured VoID (<http://swlab.paes-leme.name:8080/resource/aspire-sussex-uni-mannheim>).
2017-07-17 14:30:01 INFO  info:138 - Dataset saved (<http://linkeddatacatalog.dws.informatik.uni-mannheim.de/api/rest/dataset/aspire-sussex>).
2017-07-17 14:30:02 ERROR riot:84 - [line: 1, col: 7 ] Bad character in IRI (space): <?xml[space]...>
2017-07-17 14:30:03 WARN  QueryEngineHTTP:691 - HTTP response not fully consumed, if HTTP Client is reusing connections (its default behaviour) then it will consume the remaining response data which may take a long time and cause this application to become unresponsive
2017-07-17 14:30:03 INFO  info:109 - Empty captured VoID (<http://swlab.paes-leme.name:8080/resource/aspire-ucl-uni-mannheim>).
2017-07-17 14:30:03 ERROR riot:84 - [line: 1, col: 7 ] Bad character in IRI (space): <?xml[space]...>
2017-07-17 14:30:03 INFO  info:138 - Dataset saved (<http://linkeddatacatalog.dws.informatik.uni-mannheim.de/api/rest/dataset/aspire-ucl>).
2017-07-17 14:30:03 WARN  riot:77 - [line: 28, col: 46] {W107} Bad URI: <http://B4mad.Net/FOAF/goern.rdf#> Code: 11/LOWERCASE_PREFERRED in HOST: lowercase is preferred in this component
2017-07-17 14:30:03 ERROR riot:84 - [line: 32, col: 32] {E214} Resolving against bad URI <http://B4mad.Net/FOAF/goern.rdf#>: <>
2017-07-17 14:30:03 ERROR riot:84 - [line: 1, col: 7 ] Bad character in IRI (space): <?xml[space]...>
2017-07-17 14:30:04 ERROR riot:84 - [line: 1, col: 7 ] Bad character in IRI (space): <?xml[space]...>
2017-07-17 14:30:04 ERROR riot:84 - [line: 1, col: 7 ] Bad character in IRI (space): <?xml[space]...>
2017-07-17 14:30:04 ERROR riot:84 - [line: 1, col: 2 ] Unexpected character ('<' (code 60)): expected a valid value (number, String, array, object, 'true', 'false' or 'null')
2017-07-17 14:30:04 ERROR riot:84 - [line: 1, col: 1 ] Expected a { character to start a JSON Object but got [LT]
2017-07-17 14:30:05 ERROR riot:84 - [line: 1, col: 7 ] Bad character in IRI (space): <?xml[space]...>
2017-07-17 14:30:05 ERROR riot:84 - [line: 28, col: 46] Unrecognized XML element: rdf:RDF
2017-07-17 14:30:06 INFO  info:109 - Empty captured VoID (<http://swlab.paes-leme.name:8080/resource/babyponies-com-uni-mannheim>).
2017-07-17 14:30:06 INFO  info:138 - Dataset saved (<http://linkeddatacatalog.dws.informatik.uni-mannheim.de/api/rest/dataset/babyponies-com>).
2017-07-17 14:30:06 INFO  info:109 - Empty captured VoID (<http://swlab.paes-leme.name:8080/resource/autistici-org-uni-mannheim>).
2017-07-17 14:30:07 INFO  info:138 - Dataset saved (<http://linkeddatacatalog.dws.informatik.uni-mannheim.de/api/rest/dataset/autistici-org>).
2017-07-17 14:30:07 INFO  info:109 - Empty captured VoID (<http://swlab.paes-leme.name:8080/resource/aspire-uclan-uni-mannheim>).
2017-07-17 14:30:07 INFO  info:138 - Dataset saved (<http://linkeddatacatalog.dws.informatik.uni-mannheim.de/api/rest/dataset/aspire-uclan>).
2017-07-17 14:30:07 INFO  info:109 - Empty captured VoID (<http://swlab.paes-leme.name:8080/resource/b4mad-net-uni-mannheim>).
2017-07-17 14:30:07 INFO  info:138 - Dataset saved (<http://linkeddatacatalog.dws.informatik.uni-mannheim.de/api/rest/dataset/b4mad-net>).
2017-07-17 14:30:08 INFO  info:109 - Empty captured VoID (<http://swlab.paes-leme.name:8080/resource/aegp-spanish-textile-and-clothing-association-uni-mannheim>).
2017-07-17 14:30:08 INFO  info:138 - Dataset saved (<http://linkeddatacatalog.dws.informatik.uni-mannheim.de/api/rest/dataset/aegp-spanish-textile-and-clothing-association>).
2017-07-17 14:30:15 ERROR timeout:21 - Timeout while executing "Query classes from http://abs.270a.info/sparql".
2017-07-17 14:30:16 ERROR riot:84 - [line: 1, col: 1 ] Content is not allowed in prolog.
2017-07-17 14:30:16 ERROR timeout:21 - Timeout while executing "Query classes from http://lab.environment.data.gov.au/sparql".
2017-07-17 14:30:18 INFO  info:109 - Empty captured VoID (<http://swlab.paes-leme.name:8080/resource/aragodbpedia-uni-mannheim>).
2017-07-17 14:30:18 INFO  info:138 - Dataset saved (<http://linkeddatacatalog.dws.informatik.uni-mannheim.de/api/rest/dataset/aragodbpedia-partitions>).
2017-07-17 14:30:18 INFO  info:138 - Dataset saved (<http://linkeddatacatalog.dws.informatik.uni-mannheim.de/api/rest/dataset/aragodbpedia>).
2017-07-17 14:30:19 ERROR timeout:21 - Timeout while executing "Query classes from http://202.45.142.113:10035/repositories/agris".
2017-07-17 14:30:19 INFO  info:109 - Empty captured VoID (<http://swlab.paes-leme.name:8080/resource/barkingiguana-com-uni-mannheim>).
2017-07-17 14:30:19 INFO  info:138 - Dataset saved (<http://linkeddatacatalog.dws.informatik.uni-mannheim.de/api/rest/dataset/barkingiguana-com>).
2017-07-17 14:30:19 ERROR timeout:21 - Timeout while executing "Query classes from http://202.73.13.50:55824/catalogs/performance/repositories/agrovoc".
2017-07-17 14:30:19 INFO  info:109 - Empty captured VoID (<http://swlab.paes-leme.name:8080/resource/bbc-music-uni-mannheim>).
2017-07-17 14:30:19 INFO  info:138 - Dataset saved (<http://linkeddatacatalog.dws.informatik.uni-mannheim.de/api/rest/dataset/bbc-music>).
2017-07-17 14:30:22 ERROR riot:84 - [line: 1, col: 2 ] Illegal character ((CTRL-CHAR, code 31)): only regular white space (\r, \n, \t) is allowed between tokens
2017-07-17 14:30:24 ERROR riot:84 - [line: 2, col: 6 ] Bad character in IRI (space): <!--[space]...>
2017-07-17 14:30:24 WARN  riot:77 - Lexical form 'An example of an Atom feed in N3. Conversation have been written by Henry Story. These did not take place but could have. (source code available in <a href='.'>directory</a>).' not valid for datatype XSD XMLLiteral
2017-07-17 14:30:24 WARN  riot:77 - Lexical form '2004-05-25T10:10:00.000 GMT+02:00' not valid for datatype XSD dateTime
2017-07-17 14:30:25 ERROR riot:84 - [line: 1, col: 7 ] Bad character in IRI (space): <?xml[space]...>
2017-07-17 14:30:25 INFO  info:109 - Empty captured VoID (<http://swlab.paes-leme.name:8080/resource/bbc-programmes-uni-mannheim>).
2017-07-17 14:30:25 INFO  info:138 - Dataset saved (<http://linkeddatacatalog.dws.informatik.uni-mannheim.de/api/rest/dataset/bbc-programmes>).
2017-07-17 14:30:26 ERROR riot:84 - [line: 2, col: 205] {E202} Expecting XML start or end element(s). String data "aeo.obo" not allowed. Maybe there should be an rdf:parseType='Literal' for embedding mixed XML content in RDF. Maybe a striping error.
2017-07-17 14:30:28 INFO  info:109 - Empty captured VoID (<http://swlab.paes-leme.name:8080/resource/bblfish-net-uni-mannheim>).
2017-07-17 14:30:28 ERROR riot:84 - [line: 1, col: 7 ] Bad character in IRI (space): <?xml[space]...>
2017-07-17 14:30:28 ERROR riot:84 - [line: 1, col: 7 ] Bad character in IRI (space): <?xml[space]...>
2017-07-17 14:30:28 INFO  info:138 - Dataset saved (<http://linkeddatacatalog.dws.informatik.uni-mannheim.de/api/rest/dataset/bblfish-net>).
2017-07-17 14:30:28 WARN  riot:77 - [line: 2, col: 65] {W119} A processing instruction is in RDF content. No processing was done. 
2017-07-17 14:30:29 ERROR riot:84 - [line: 1, col: 7 ] Bad character in IRI (space): <?xml[space]...>
2017-07-17 14:30:30 ERROR riot:84 - [line: 1, col: 7 ] Bad character in IRI (space): <?xml[space]...>
2017-07-17 14:30:30 ERROR riot:84 - [line: 2, col: 205] {E202} Expecting XML start or end element(s). String data "aeo.obo" not allowed. Maybe there should be an rdf:parseType='Literal' for embedding mixed XML content in RDF. Maybe a striping error.
2017-07-17 14:30:30 ERROR riot:84 - [line: 1, col: 1 ] Content is not allowed in prolog.
2017-07-17 14:30:31 ERROR riot:84 - [line: 1, col: 7 ] Bad character in IRI (space): <?xml[space]...>
2017-07-17 14:30:31 ERROR riot:84 - [line: 1, col: 7 ] Bad character in IRI (space): <?xml[space]...>
2017-07-17 14:30:32 INFO  info:109 - Empty captured VoID (<http://swlab.paes-leme.name:8080/resource/artenuevosmedios-gnoss-uni-mannheim>).
2017-07-17 14:30:32 INFO  info:138 - Dataset saved (<http://linkeddatacatalog.dws.informatik.uni-mannheim.de/api/rest/dataset/artenuevosmedios-gnoss>).
2017-07-17 14:30:33 ERROR riot:84 - [line: 1, col: 7 ] Bad character in IRI (space): <?xml[space]...>
2017-07-17 14:30:33 ERROR riot:84 - [line: 1, col: 2 ] Unexpected character ('<' (code 60)): expected a valid value (number, String, array, object, 'true', 'false' or 'null')
2017-07-17 14:30:33 INFO  info:109 - Empty captured VoID (<http://swlab.paes-leme.name:8080/resource/beesdesign-com-uni-mannheim>).
2017-07-17 14:30:33 INFO  info:138 - Dataset saved (<http://linkeddatacatalog.dws.informatik.uni-mannheim.de/api/rest/dataset/beesdesign-com>).
2017-07-17 14:30:34 ERROR riot:84 - [line: 1, col: 7 ] Bad character in IRI (space): <?xml[space]...>
2017-07-17 14:30:35 ERROR riot:84 - [line: 1, col: 2 ] Unexpected character ('<' (code 60)): expected a valid value (number, String, array, object, 'true', 'false' or 'null')
2017-07-17 14:30:36 ERROR riot:84 - [line: 1, col: 2 ] Illegal character ((CTRL-CHAR, code 31)): only regular white space (\r, \n, \t) is allowed between tokens
2017-07-17 14:30:37 ERROR timeout:21 - Timeout while executing "Query properties from http://visualdataweb.infor.uva.es/sparql".
2017-07-17 14:30:37 ERROR riot:84 - [line: 1, col: 1 ] Expected a { character to start a JSON Object but got [LT]
2017-07-17 14:30:39 ERROR riot:84 - [line: 2, col: 67] Unrecognized XML element: ListBucketResult
2017-07-17 14:30:42 ERROR riot:84 - [line: 1, col: 7 ] Bad character in IRI (space): <?xml[space]...>
2017-07-17 14:30:42 INFO  info:109 - Empty captured VoID (<http://swlab.paes-leme.name:8080/resource/bbc-wildlife-finder-uni-mannheim>).
2017-07-17 14:30:42 INFO  info:138 - Dataset saved (<http://linkeddatacatalog.dws.informatik.uni-mannheim.de/api/rest/dataset/bbc-wildlife-finder>).
2017-07-17 14:30:42 INFO  info:109 - Empty captured VoID (<http://swlab.paes-leme.name:8080/resource/berlin-offener-haushalt-uni-mannheim>).
2017-07-17 14:30:42 INFO  info:138 - Dataset saved (<http://linkeddatacatalog.dws.informatik.uni-mannheim.de/api/rest/dataset/berlin-offener-haushalt>).
2017-07-17 14:30:42 INFO  info:109 - Empty captured VoID (<http://swlab.paes-leme.name:8080/resource/berlios-uni-mannheim>).
2017-07-17 14:30:43 INFO  info:138 - Dataset saved (<http://linkeddatacatalog.dws.informatik.uni-mannheim.de/api/rest/dataset/berlios>).
2017-07-17 14:30:44 INFO  info:109 - Empty captured VoID (<http://swlab.paes-leme.name:8080/resource/bestbuy-com-uni-mannheim>).
2017-07-17 14:30:44 INFO  info:138 - Dataset saved (<http://linkeddatacatalog.dws.informatik.uni-mannheim.de/api/rest/dataset/bestbuy-com>).
2017-07-17 14:30:45 INFO  info:109 - Empty captured VoID (<http://swlab.paes-leme.name:8080/resource/apertium-en-ca-uni-mannheim>).
2017-07-17 14:30:45 INFO  info:138 - Dataset saved (<http://linkeddatacatalog.dws.informatik.uni-mannheim.de/api/rest/dataset/apertium-en-ca-partitions>).
2017-07-17 14:30:45 INFO  info:138 - Dataset saved (<http://linkeddatacatalog.dws.informatik.uni-mannheim.de/api/rest/dataset/apertium-en-ca>).
2017-07-17 14:30:45 ERROR riot:84 - [line: 1, col: 1 ] Expected a { character to start a JSON Object but got [LT]
2017-07-17 14:30:46 WARN  riot:77 - [line: 23, col: 20] Lexical form '2012-08-8' not valid for datatype XSD date
2017-07-17 14:30:47 ERROR riot:84 - [line: 2, col: 67] Unrecognized XML element: ListBucketResult
2017-07-17 14:30:50 ERROR riot:84 - [line: 1, col: 7 ] Bad character in IRI (space): <?xml[space]...>
2017-07-17 14:30:51 INFO  info:109 - Empty captured VoID (<http://swlab.paes-leme.name:8080/resource/betaroad-com-uni-mannheim>).
2017-07-17 14:30:51 ERROR riot:84 - [line: 1, col: 7 ] Bad character in IRI (space): <?xml[space]...>
2017-07-17 14:30:51 INFO  info:138 - Dataset saved (<http://linkeddatacatalog.dws.informatik.uni-mannheim.de/api/rest/dataset/betaroad-com>).
2017-07-17 14:30:51 ERROR riot:84 - [line: 2, col: 205] {E202} Expecting XML start or end element(s). String data "aeo.obo" not allowed. Maybe there should be an rdf:parseType='Literal' for embedding mixed XML content in RDF. Maybe a striping error.
2017-07-17 14:30:51 ERROR riot:84 - [line: 1, col: 10] Broken IRI (CR): rdf:RDF
2017-07-17 14:30:52 ERROR riot:84 - [line: 31, col: 24] {E202} Expecting XML start or end element(s). String data "Tom Croucher" not allowed. Maybe there should be an rdf:parseType='Literal' for embedding mixed XML content in RDF. Maybe a striping error.
2017-07-17 14:30:52 INFO  info:109 - Empty captured VoID (<http://swlab.paes-leme.name:8080/resource/apertium-en-es-uni-mannheim>).
2017-07-17 14:30:52 ERROR riot:84 - [line: 2, col: 205] {E202} Expecting XML start or end element(s). String data "aeo.obo" not allowed. Maybe there should be an rdf:parseType='Literal' for embedding mixed XML content in RDF. Maybe a striping error.
2017-07-17 14:30:52 ERROR riot:84 - [line: 1, col: 10] Broken IRI (CR): rdf:RDF
2017-07-17 14:30:52 INFO  info:138 - Dataset saved (<http://linkeddatacatalog.dws.informatik.uni-mannheim.de/api/rest/dataset/apertium-en-es-partitions>).
2017-07-17 14:30:53 ERROR riot:84 - [line: 1, col: 7 ] Bad character in IRI (space): <?xml[space]...>
2017-07-17 14:30:53 INFO  info:138 - Dataset saved (<http://linkeddatacatalog.dws.informatik.uni-mannheim.de/api/rest/dataset/apertium-en-es>).
2017-07-17 14:30:53 ERROR riot:84 - [line: 1, col: 10] Broken IRI (CR): rdf:RDF
2017-07-17 14:30:53 ERROR riot:84 - [line: 1, col: 10] Broken IRI (CR): rdf:RDF
2017-07-17 14:30:53 ERROR riot:84 - [line: 1, col: 7 ] Bad character in IRI (space): <?xml[space]...>
2017-07-17 14:30:53 ERROR riot:84 - [line: 1, col: 2 ] Unexpected character ('<' (code 60)): expected a valid value (number, String, array, object, 'true', 'false' or 'null')
2017-07-17 14:30:53 ERROR riot:84 - [line: 1, col: 7 ] Bad character in IRI (space): <?xml[space]...>
2017-07-17 14:30:54 ERROR riot:84 - [line: 1, col: 1 ] Expected a { character to start a JSON Object but got [LT]
2017-07-17 14:30:54 WARN  riot:77 - Lexical form '2013-07-15T14:54:45-04:00' not valid for datatype XSD date
2017-07-17 14:30:54 WARN  riot:77 - Lexical form '2012-05-07T15:05:19-04:00' not valid for datatype XSD date
2017-07-17 14:30:54 ERROR riot:84 - [line: 1, col: 7 ] Bad character in IRI (space): <?xml[space]...>
2017-07-17 14:30:54 ERROR riot:84 - [line: 4, col: 47] Unrecognized XML element: rdf:RDF
2017-07-17 14:30:55 ERROR riot:84 - [line: 1, col: 7 ] Bad character in IRI (space): <?xml[space]...>
2017-07-17 14:30:55 ERROR riot:84 - [line: 1, col: 7 ] Bad character in IRI (space): <?xml[space]...>
2017-07-17 14:30:56 ERROR riot:84 - [line: 1, col: 7 ] Bad character in IRI (space): <?xml[space]...>
2017-07-17 14:30:56 ERROR riot:84 - [line: 1, col: 2 ] Unexpected character ('<' (code 60)): expected a valid value (number, String, array, object, 'true', 'false' or 'null')
2017-07-17 14:30:57 ERROR riot:84 - [line: 1, col: 2 ] Unexpected character ('<' (code 60)): expected a valid value (number, String, array, object, 'true', 'false' or 'null')
2017-07-17 14:30:58 ERROR riot:84 - [line: 1, col: 1 ] Expected a { character to start a JSON Object but got [LT]
2017-07-17 14:30:58 WARN  riot:77 - [line: 4, col: 85] Lexical form '2013-07-15T14:54:45-04:00' not valid for datatype XSD date
2017-07-17 14:30:58 WARN  riot:77 - [line: 5, col: 84] Lexical form '2012-05-07T15:05:19-04:00' not valid for datatype XSD date
2017-07-17 14:30:58 ERROR riot:84 - [line: 1, col: 1 ] Expected a { character to start a JSON Object but got [LT]
2017-07-17 14:30:59 INFO  info:109 - Empty captured VoID (<http://swlab.paes-leme.name:8080/resource/bestkungfu-com-uni-mannheim>).
2017-07-17 14:30:59 INFO  info:138 - Dataset saved (<http://linkeddatacatalog.dws.informatik.uni-mannheim.de/api/rest/dataset/bestkungfu-com>).
2017-07-17 14:30:59 ERROR riot:84 - [line: 2, col: 67] Unrecognized XML element: ListBucketResult
2017-07-17 14:31:00 ERROR riot:84 - [line: 2, col: 67] Unrecognized XML element: ListBucketResult
2017-07-17 14:31:00 INFO  info:138 - Dataset saved (<http://linkeddatacatalog.dws.informatik.uni-mannheim.de/api/rest/dataset/arthroscopy>).
2017-07-17 14:31:00 INFO  info:138 - Dataset saved (<http://linkeddatacatalog.dws.informatik.uni-mannheim.de/api/rest/dataset/arthroscopy>).
2017-07-17 14:31:01 ERROR timeout:21 - Timeout while executing "Query classes from http://babelnet.org:8084/sparql/".
2017-07-17 14:31:01 ERROR riot:84 - [line: 1, col: 7 ] Bad character in IRI (space): <?xml[space]...>
2017-07-17 14:31:02 ERROR timeout:21 - Timeout while executing "Query properties from http://purl.org/twc/arrayexpress/virtuoso/sparql".
2017-07-17 14:31:03 ERROR timeout:21 - Timeout while executing "Query properties from http://aemet.linkeddata.es/sparql".
2017-07-17 14:31:03 ERROR riot:84 - [line: 1, col: 318] {E202} Expecting XML start or end element(s). String data "2011-09-13T13:28:51Z/openspending-uruguay-model.json" not allowed. Maybe there should be an rdf:parseType='Literal' for embedding mixed XML content in RDF. Maybe a striping error.
2017-07-17 14:31:03 ERROR timeout:21 - Timeout while executing "Query properties from http://purl.org/twc/arrayexpress/virtuoso/sparql".
2017-07-17 14:31:03 ERROR riot:84 - [line: 1, col: 7 ] Bad character in IRI (space): <?xml[space]...>
2017-07-17 14:31:04 ERROR riot:84 - [line: 1, col: 7 ] Bad character in IRI (space): <?xml[space]...>
2017-07-17 14:31:04 ERROR riot:84 - [line: 1, col: 7 ] Bad character in IRI (space): <?xml[space]...>
2017-07-17 14:31:04 ERROR riot:84 - [line: 1, col: 7 ] Bad character in IRI (space): <?xml[space]...>
2017-07-17 14:31:05 ERROR riot:84 - [line: 1, col: 7 ] Bad character in IRI (space): <?xml[space]...>
2017-07-17 14:31:06 ERROR riot:84 - [line: 2, col: 205] {E202} Expecting XML start or end element(s). String data "aeo.obo" not allowed. Maybe there should be an rdf:parseType='Literal' for embedding mixed XML content in RDF. Maybe a striping error.
2017-07-17 14:31:06 ERROR riot:84 - [line: 2, col: 205] {E202} Expecting XML start or end element(s). String data "aeo.obo" not allowed. Maybe there should be an rdf:parseType='Literal' for embedding mixed XML content in RDF. Maybe a striping error.
2017-07-17 14:31:07 ERROR riot:84 - [line: 1, col: 2 ] Unexpected character ('<' (code 60)): expected a valid value (number, String, array, object, 'true', 'false' or 'null')
2017-07-17 14:31:07 ERROR riot:84 - [line: 1, col: 7 ] Bad character in IRI (space): <?xml[space]...>
2017-07-17 14:31:07 ERROR riot:84 - [line: 1, col: 7 ] Bad character in IRI (space): <?xml[space]...>
2017-07-17 14:31:08 ERROR riot:84 - [line: 1, col: 1 ] Expected a { character to start a JSON Object but got [LT]
2017-07-17 14:31:08 ERROR riot:84 - [line: 1, col: 7 ] Bad character in IRI (space): <?xml[space]...>
2017-07-17 14:31:09 ERROR riot:84 - [line: 1, col: 104] Unrecognized XML element: ListBucketResult
2017-07-17 14:31:09 ERROR riot:84 - [line: 1, col: 7 ] Bad character in IRI (space): <?xml[space]...>
2017-07-17 14:31:10 ERROR riot:84 - [line: 1, col: 7 ] Bad character in IRI (space): <?xml[space]...>
2017-07-17 14:31:11 ERROR riot:84 - [line: 1, col: 7 ] Bad character in IRI (space): <?xml[space]...>
2017-07-17 14:31:11 ERROR riot:84 - [line: 1, col: 2 ] Unexpected character ('<' (code 60)): expected a valid value (number, String, array, object, 'true', 'false' or 'null')
2017-07-17 14:31:11 INFO  info:109 - Empty captured VoID (<http://swlab.paes-leme.name:8080/resource/bibliographica-org-bnb-export-uni-mannheim>).
2017-07-17 14:31:12 INFO  info:138 - Dataset saved (<http://linkeddatacatalog.dws.informatik.uni-mannheim.de/api/rest/dataset/bibliographica-org-bnb-export>).
2017-07-17 14:31:12 ERROR riot:84 - [line: 1, col: 1 ] Expected a { character to start a JSON Object but got [LT]
2017-07-17 14:31:13 ERROR riot:84 - [line: 1, col: 2 ] Unexpected character ('<' (code 60)): expected a valid value (number, String, array, object, 'true', 'false' or 'null')
2017-07-17 14:31:13 WARN  riot:77 - [line: 12, col: 67] Lexical form '2013-07-15T14:54:45-04:00' not valid for datatype XSD date
2017-07-17 14:31:13 WARN  riot:77 - [line: 13, col: 66] Lexical form '2012-05-07T15:05:19-04:00' not valid for datatype XSD date
2017-07-17 14:31:14 ERROR riot:84 - [line: 2, col: 67] Unrecognized XML element: ListBucketResult
2017-07-17 14:31:14 ERROR riot:84 - [line: 1, col: 1 ] Expected a { character to start a JSON Object but got [LT]
2017-07-17 14:31:15 ERROR timeout:21 - Timeout while executing "Query properties from http://abs.270a.info/sparql".
2017-07-17 14:31:16 ERROR riot:84 - [line: 2, col: 67] Unrecognized XML element: ListBucketResult
2017-07-17 14:31:16 INFO  info:109 - Empty captured VoID (<http://swlab.paes-leme.name:8080/resource/athelia-rfid-uni-mannheim>).
2017-07-17 14:31:16 INFO  info:138 - Dataset saved (<http://linkeddatacatalog.dws.informatik.uni-mannheim.de/api/rest/dataset/athelia-rfid>).
2017-07-17 14:31:16 ERROR riot:84 - [line: 1, col: 7 ] Bad character in IRI (space): <?xml[space]...>
2017-07-17 14:31:16 ERROR timeout:21 - Timeout while executing "Query properties from http://lab.environment.data.gov.au/sparql".
2017-07-17 14:31:17 ERROR riot:84 - [line: 1, col: 1 ] Content is not allowed in prolog.
2017-07-17 14:31:17 ERROR riot:84 - [line: 1, col: 7 ] Bad character in IRI (space): <?xml[space]...>
2017-07-17 14:31:18 INFO  info:109 - Empty captured VoID (<http://swlab.paes-leme.name:8080/resource/bibsonomy-uni-mannheim>).
2017-07-17 14:31:18 INFO  info:138 - Dataset saved (<http://linkeddatacatalog.dws.informatik.uni-mannheim.de/api/rest/dataset/bibsonomy>).
2017-07-17 14:31:19 ERROR riot:84 - [line: 2, col: 205] {E202} Expecting XML start or end element(s). String data "aeo.obo" not allowed. Maybe there should be an rdf:parseType='Literal' for embedding mixed XML content in RDF. Maybe a striping error.
2017-07-17 14:31:19 ERROR timeout:21 - Timeout while executing "Query properties from http://202.45.142.113:10035/repositories/agris".
2017-07-17 14:31:19 ERROR timeout:21 - Timeout while executing "Query properties from http://202.73.13.50:55824/catalogs/performance/repositories/agrovoc".
2017-07-17 14:31:19 ERROR riot:84 - [line: 1, col: 1 ] Content is not allowed in prolog.
2017-07-17 14:31:20 ERROR riot:84 - [line: 1, col: 7 ] Bad character in IRI (space): <?xml[space]...>
2017-07-17 14:31:20 ERROR riot:84 - [line: 1, col: 7 ] Bad character in IRI (space): <?xml[space]...>
2017-07-17 14:31:20 ERROR timeout:21 - Timeout while executing "List void graph names from http://semanticweb.cs.vu.nl/europeana/user/query".
2017-07-17 14:31:20 INFO  info:109 - Empty captured VoID (<http://swlab.paes-leme.name:8080/resource/amsterdam-museum-as-edm-lod-uni-mannheim>).
2017-07-17 14:31:20 ERROR riot:84 - [line: 1, col: 7 ] Bad character in IRI (space): <?xml[space]...>
2017-07-17 14:31:20 INFO  info:138 - Dataset saved (<http://linkeddatacatalog.dws.informatik.uni-mannheim.de/api/rest/dataset/amsterdam-museum-as-edm-lod>).
2017-07-17 14:31:21 ERROR riot:84 - [line: 1, col: 7 ] Bad character in IRI (space): <?xml[space]...>
2017-07-17 14:31:21 ERROR riot:84 - [line: 2, col: 205] {E202} Expecting XML start or end element(s). String data "aeo.obo" not allowed. Maybe there should be an rdf:parseType='Literal' for embedding mixed XML content in RDF. Maybe a striping error.
2017-07-17 14:31:21 ERROR riot:84 - [line: 1, col: 2 ] Illegal character ((CTRL-CHAR, code 31)): only regular white space (\r, \n, \t) is allowed between tokens
2017-07-17 14:31:21 INFO  info:109 - Empty captured VoID (<http://swlab.paes-leme.name:8080/resource/biessmann-de-uni-mannheim>).
2017-07-17 14:31:22 INFO  info:138 - Dataset saved (<http://linkeddatacatalog.dws.informatik.uni-mannheim.de/api/rest/dataset/biessmann-de>).
2017-07-17 14:31:22 INFO  info:109 - Empty captured VoID (<http://swlab.paes-leme.name:8080/resource/bigasterisk-com-uni-mannheim>).
2017-07-17 14:31:22 INFO  info:138 - Dataset saved (<http://linkeddatacatalog.dws.informatik.uni-mannheim.de/api/rest/dataset/bigasterisk-com>).
2017-07-17 14:31:23 ERROR riot:84 - [line: 1, col: 7 ] Bad character in IRI (space): <?xml[space]...>
2017-07-17 14:31:23 ERROR riot:84 - [line: 1, col: 7 ] Bad character in IRI (space): <?xml[space]...>
2017-07-17 14:31:23 ERROR riot:84 - [line: 1, col: 2 ] Illegal character ((CTRL-CHAR, code 31)): only regular white space (\r, \n, \t) is allowed between tokens
2017-07-17 14:31:23 ERROR riot:84 - [line: 1, col: 7 ] Bad character in IRI (space): <?xml[space]...>
2017-07-17 14:31:23 ERROR riot:84 - [line: 2, col: 1 ] Broken IRI (newline): rdf:RDF
2017-07-17 14:31:25 ERROR riot:84 - [line: 1, col: 2 ] Unexpected character ('<' (code 60)): expected a valid value (number, String, array, object, 'true', 'false' or 'null')
2017-07-17 14:31:25 ERROR riot:84 - [line: 1, col: 7 ] Bad character in IRI (space): <?xml[space]...>
2017-07-17 14:31:25 INFO  info:109 - Empty captured VoID (<http://swlab.paes-leme.name:8080/resource/billdueber-com-uni-mannheim>).
2017-07-17 14:31:25 INFO  info:138 - Dataset saved (<http://linkeddatacatalog.dws.informatik.uni-mannheim.de/api/rest/dataset/billdueber-com>).
2017-07-17 14:31:26 ERROR riot:84 - [line: 1, col: 7 ] Bad character in IRI (space): <?xml[space]...>
2017-07-17 14:31:26 ERROR riot:84 - [line: 1, col: 1 ] Expected a { character to start a JSON Object but got [LT]
2017-07-17 14:31:28 ERROR riot:84 - [line: 2, col: 67] Unrecognized XML element: ListBucketResult
2017-07-17 14:31:28 ERROR riot:84 - [line: 1, col: 2 ] Unexpected character ('<' (code 60)): expected a valid value (number, String, array, object, 'true', 'false' or 'null')
2017-07-17 14:31:28 ERROR riot:84 - [line: 1, col: 7 ] Bad character in IRI (space): <?xml[space]...>
2017-07-17 14:31:28 ERROR timeout:21 - Timeout while executing "Query classes from http://www.open-biomed.org.uk/sparql/endpoint/bdgp_20081030".
2017-07-17 14:31:29 ERROR riot:84 - [line: 1, col: 1 ] Expected a { character to start a JSON Object but got [LT]
2017-07-17 14:31:29 ERROR timeout:21 - Timeout while executing "List void graph names from http://data.archiveshub.ac.uk/sparql".
2017-07-17 14:31:29 INFO  info:109 - Empty captured VoID (<http://swlab.paes-leme.name:8080/resource/archiveshub-linkeddata-uni-mannheim>).
2017-07-17 14:31:30 INFO  info:138 - Dataset saved (<http://linkeddatacatalog.dws.informatik.uni-mannheim.de/api/rest/dataset/archiveshub-linkeddata-partitions>).
2017-07-17 14:31:30 INFO  info:138 - Dataset saved (<http://linkeddatacatalog.dws.informatik.uni-mannheim.de/api/rest/dataset/archiveshub-linkeddata>).
2017-07-17 14:31:30 INFO  info:109 - Empty captured VoID (<http://swlab.paes-leme.name:8080/resource/bio2rdf-uni-mannheim>).
2017-07-17 14:31:30 INFO  info:138 - Dataset saved (<http://linkeddatacatalog.dws.informatik.uni-mannheim.de/api/rest/dataset/bio2rdf>).
2017-07-17 14:31:30 ERROR riot:84 - [line: 2, col: 67] Unrecognized XML element: ListBucketResult
2017-07-17 14:31:32 ERROR riot:84 - [line: 1, col: 7 ] Bad character in IRI (space): <?xml[space]...>
2017-07-17 14:31:33 ERROR timeout:21 - Timeout while executing "Query classes from http://fintrans.publicdata.eu/sparql".
2017-07-17 14:31:34 INFO  info:109 - Empty captured VoID (<http://swlab.paes-leme.name:8080/resource/billion_triples_challenge_dataset2008-uni-mannheim>).
2017-07-17 14:31:34 INFO  info:138 - Dataset saved (<http://linkeddatacatalog.dws.informatik.uni-mannheim.de/api/rest/dataset/billion_triples_challenge_dataset2008>).
2017-07-17 14:31:34 INFO  info:109 - Empty captured VoID (<http://swlab.paes-leme.name:8080/resource/billion_triples_challenge_dataset_2010-uni-mannheim>).
2017-07-17 14:31:34 ERROR riot:84 - [line: 1, col: 7 ] Bad character in IRI (space): <?xml[space]...>
2017-07-17 14:31:34 INFO  info:138 - Dataset saved (<http://linkeddatacatalog.dws.informatik.uni-mannheim.de/api/rest/dataset/billion_triples_challenge_dataset_2010>).
2017-07-17 14:31:34 ERROR riot:84 - [line: 1, col: 1 ] Content is not allowed in prolog.
2017-07-17 14:31:35 ERROR riot:84 - [line: 1, col: 7 ] Bad character in IRI (space): <?xml[space]...>
2017-07-17 14:31:36 ERROR riot:84 - [line: 2, col: 205] {E202} Expecting XML start or end element(s). String data "aeo.obo" not allowed. Maybe there should be an rdf:parseType='Literal' for embedding mixed XML content in RDF. Maybe a striping error.
2017-07-17 14:31:38 ERROR riot:84 - [line: 1, col: 7 ] Bad character in IRI (space): <?xml[space]...>
2017-07-17 14:31:38 ERROR riot:84 - [line: 1, col: 7 ] Bad character in IRI (space): <?xml[space]...>
2017-07-17 14:31:38 ERROR timeout:21 - Timeout while executing "List void graph names from http://lod.b3kat.de/sparql".
2017-07-17 14:31:38 INFO  info:138 - Dataset saved (<http://linkeddatacatalog.dws.informatik.uni-mannheim.de/api/rest/dataset/b3kat>).
2017-07-17 14:31:38 INFO  info:138 - Dataset saved (<http://linkeddatacatalog.dws.informatik.uni-mannheim.de/api/rest/dataset/b3kat>).
2017-07-17 14:31:39 ERROR riot:84 - [line: 1, col: 7 ] Bad character in IRI (space): <?xml[space]...>
2017-07-17 14:31:39 ERROR riot:84 - [line: 2, col: 205] {E202} Expecting XML start or end element(s). String data "aeo.obo" not allowed. Maybe there should be an rdf:parseType='Literal' for embedding mixed XML content in RDF. Maybe a striping error.
2017-07-17 14:31:40 ERROR riot:84 - [line: 1, col: 2 ] Illegal character ((CTRL-CHAR, code 31)): only regular white space (\r, \n, \t) is allowed between tokens
2017-07-17 14:31:40 ERROR riot:84 - [line: 1, col: 7 ] Bad character in IRI (space): <?xml[space]...>
2017-07-17 14:31:41 ERROR riot:84 - [line: 1, col: 7 ] Bad character in IRI (space): <?xml[space]...>
2017-07-17 14:31:41 INFO  info:109 - Empty captured VoID (<http://swlab.paes-leme.name:8080/resource/bio2rdf-affymetrix-resources-uni-mannheim>).
2017-07-17 14:31:41 INFO  info:138 - Dataset saved (<http://linkeddatacatalog.dws.informatik.uni-mannheim.de/api/rest/dataset/bio2rdf-affymetrix-resources>).
2017-07-17 14:31:41 ERROR riot:84 - [line: 1, col: 2 ] Unexpected character ('<' (code 60)): expected a valid value (number, String, array, object, 'true', 'false' or 'null')
2017-07-17 14:31:42 ERROR riot:84 - [line: 1, col: 7 ] Bad character in IRI (space): <?xml[space]...>
2017-07-17 14:31:42 INFO  info:109 - Empty captured VoID (<http://swlab.paes-leme.name:8080/resource/bio2rdf-cas-uni-mannheim>).
2017-07-17 14:31:42 INFO  info:138 - Dataset saved (<http://linkeddatacatalog.dws.informatik.uni-mannheim.de/api/rest/dataset/bio2rdf-cas>).
2017-07-17 14:31:43 ERROR riot:84 - [line: 1, col: 1 ] Expected a { character to start a JSON Object but got [LT]
2017-07-17 14:31:43 ERROR riot:84 - [line: 1, col: 7 ] Bad character in IRI (space): <?xml[space]...>
2017-07-17 14:31:44 ERROR timeout:21 - Timeout while executing "List void graph names from http://vocabulary.semantic-web.at/PoolParty/sparql/AustrianSkiTeam".
2017-07-17 14:31:44 INFO  info:109 - Empty captured VoID (<http://swlab.paes-leme.name:8080/resource/austrian_ski_racers-uni-mannheim>).
2017-07-17 14:31:44 ERROR riot:84 - [line: 2, col: 67] Unrecognized XML element: ListBucketResult
2017-07-17 14:31:44 INFO  info:138 - Dataset saved (<http://linkeddatacatalog.dws.informatik.uni-mannheim.de/api/rest/dataset/austrian_ski_racers-partitions>).
2017-07-17 14:31:44 ERROR riot:84 - [line: 1, col: 2 ] Unexpected character ('<' (code 60)): expected a valid value (number, String, array, object, 'true', 'false' or 'null')
2017-07-17 14:31:44 INFO  info:138 - Dataset saved (<http://linkeddatacatalog.dws.informatik.uni-mannheim.de/api/rest/dataset/austrian_ski_racers>).
2017-07-17 14:31:44 INFO  info:109 - Empty captured VoID (<http://swlab.paes-leme.name:8080/resource/baomoi-com-uni-mannheim>).
2017-07-17 14:31:45 INFO  info:138 - Dataset saved (<http://linkeddatacatalog.dws.informatik.uni-mannheim.de/api/rest/dataset/baomoi-com>).
2017-07-17 14:31:45 INFO  info:109 - Empty captured VoID (<http://swlab.paes-leme.name:8080/resource/bio2rdf-chebi-uni-mannheim>).
2017-07-17 14:31:45 INFO  info:138 - Dataset saved (<http://linkeddatacatalog.dws.informatik.uni-mannheim.de/api/rest/dataset/bio2rdf-chebi>).
2017-07-17 14:31:46 ERROR riot:84 - [line: 1, col: 1 ] Expected a { character to start a JSON Object but got [LT]
2017-07-17 14:31:48 ERROR riot:84 - [line: 2, col: 67] Unrecognized XML element: ListBucketResult
2017-07-17 14:31:49 ERROR riot:84 - [line: 1, col: 7 ] Bad character in IRI (space): <?xml[space]...>
2017-07-17 14:31:50 INFO  info:109 - Empty captured VoID (<http://swlab.paes-leme.name:8080/resource/bio2rdf-cpd-uni-mannheim>).
2017-07-17 14:31:50 INFO  info:138 - Dataset saved (<http://linkeddatacatalog.dws.informatik.uni-mannheim.de/api/rest/dataset/bio2rdf-cpd>).
2017-07-17 14:31:50 ERROR riot:84 - [line: 2, col: 205] {E202} Expecting XML start or end element(s). String data "aeo.obo" not allowed. Maybe there should be an rdf:parseType='Literal' for embedding mixed XML content in RDF. Maybe a striping error.
2017-07-17 14:31:51 ERROR timeout:21 - Timeout while executing "Query classes from http://bfs.270a.info/sparql".
2017-07-17 14:31:52 ERROR riot:84 - [line: 1, col: 7 ] Bad character in IRI (space): <?xml[space]...>
2017-07-17 14:31:53 ERROR timeout:21 - Timeout while executing "Query classes from http://data.bibbase.org:2020/sparql".
2017-07-17 14:31:53 ERROR riot:84 - [line: 1, col: 7 ] Bad character in IRI (space): <?xml[space]...>
2017-07-17 14:31:53 ERROR riot:84 - [line: 1, col: 7 ] Bad character in IRI (space): <?xml[space]...>
2017-07-17 14:31:53 ERROR timeout:21 - Timeout while executing "List void graph names from http://visualdataweb.infor.uva.es/sparql".
2017-07-17 14:31:53 INFO  info:109 - Empty captured VoID (<http://swlab.paes-leme.name:8080/resource/2001-spanish-census-to-rdf-uni-mannheim>).
2017-07-17 14:31:54 INFO  info:138 - Dataset saved (<http://linkeddatacatalog.dws.informatik.uni-mannheim.de/api/rest/dataset/2001-spanish-census-to-rdf-partitions>).
2017-07-17 14:31:54 INFO  info:138 - Dataset saved (<http://linkeddatacatalog.dws.informatik.uni-mannheim.de/api/rest/dataset/2001-spanish-census-to-rdf>).
2017-07-17 14:31:55 ERROR riot:84 - [line: 1, col: 7 ] Bad character in IRI (space): <?xml[space]...>
2017-07-17 14:31:55 ERROR riot:84 - [line: 2, col: 205] {E202} Expecting XML start or end element(s). String data "aeo.obo" not allowed. Maybe there should be an rdf:parseType='Literal' for embedding mixed XML content in RDF. Maybe a striping error.
2017-07-17 14:31:57 ERROR riot:84 - [line: 1, col: 2 ] Unexpected character ('<' (code 60)): expected a valid value (number, String, array, object, 'true', 'false' or 'null')
2017-07-17 14:31:57 ERROR riot:84 - [line: 1, col: 7 ] Bad character in IRI (space): <?xml[space]...>
2017-07-17 14:31:58 ERROR riot:84 - [line: 1, col: 7 ] Bad character in IRI (space): <?xml[space]...>
2017-07-17 14:31:59 ERROR timeout:21 - Timeout while executing "Query classes from http://sparql.bibleontology.com/searchpo.jsp?q=bibleontology:Jacob&type=xml".
2017-07-17 14:31:59 INFO  info:109 - Empty captured VoID (<http://swlab.paes-leme.name:8080/resource/bio2rdf-dataset-uni-mannheim>).
2017-07-17 14:31:59 INFO  info:138 - Dataset saved (<http://linkeddatacatalog.dws.informatik.uni-mannheim.de/api/rest/dataset/bio2rdf-dataset>).
2017-07-17 14:31:59 ERROR riot:84 - [line: 1, col: 1 ] Expected a { character to start a JSON Object but got [LT]
2017-07-17 14:32:00 ERROR riot:84 - [line: 1, col: 7 ] Bad character in IRI (space): <?xml[space]...>
2017-07-17 14:32:01 ERROR timeout:21 - Timeout while executing "Query properties from http://babelnet.org:8084/sparql/".
2017-07-17 14:32:01 ERROR riot:84 - [line: 2, col: 67] Unrecognized XML element: ListBucketResult
2017-07-17 14:32:01 INFO  info:109 - Empty captured VoID (<http://swlab.paes-leme.name:8080/resource/biblioteca-escolar-digital-cita-uni-mannheim>).
2017-07-17 14:32:01 INFO  info:138 - Dataset saved (<http://linkeddatacatalog.dws.informatik.uni-mannheim.de/api/rest/dataset/biblioteca-escolar-digital-cita>).
2017-07-17 14:32:02 ERROR riot:84 - [line: 1, col: 2 ] Unexpected character ('<' (code 60)): expected a valid value (number, String, array, object, 'true', 'false' or 'null')
2017-07-17 14:32:02 ERROR timeout:21 - Timeout while executing "List void graph names from http://purl.org/twc/arrayexpress/virtuoso/sparql".
2017-07-17 14:32:02 INFO  info:109 - Empty captured VoID (<http://swlab.paes-leme.name:8080/resource/arrayexpress-e-afmx-1-uni-mannheim>).
2017-07-17 14:32:02 INFO  info:138 - Dataset saved (<http://linkeddatacatalog.dws.informatik.uni-mannheim.de/api/rest/dataset/arrayexpress-e-afmx-1>).
2017-07-17 14:32:03 ERROR timeout:21 - Timeout while executing "Query properties from http://aemet.linkeddata.es/sparql_en.html".
2017-07-17 14:32:03 ERROR riot:84 - [line: 1, col: 1 ] Expected a { character to start a JSON Object but got [LT]
2017-07-17 14:32:05 ERROR riot:84 - [line: 1, col: 7 ] Bad character in IRI (space): <?xml[space]...>
2017-07-17 14:32:06 ERROR riot:84 - [line: 2, col: 67] Unrecognized XML element: ListBucketResult
2017-07-17 14:32:07 ERROR riot:84 - [line: 2, col: 205] {E202} Expecting XML start or end element(s). String data "aeo.obo" not allowed. Maybe there should be an rdf:parseType='Literal' for embedding mixed XML content in RDF. Maybe a striping error.
2017-07-17 14:32:07 INFO  info:109 - Empty captured VoID (<http://swlab.paes-leme.name:8080/resource/bio2rdf-drugbank_target-uni-mannheim>).
2017-07-17 14:32:08 INFO  info:138 - Dataset saved (<http://linkeddatacatalog.dws.informatik.uni-mannheim.de/api/rest/dataset/bio2rdf-drugbank_target>).
2017-07-17 14:32:08 ERROR riot:84 - [line: 1, col: 7 ] Bad character in IRI (space): <?xml[space]...>
2017-07-17 14:32:09 ERROR riot:84 - [line: 1, col: 7 ] Bad character in IRI (space): <?xml[space]...>
2017-07-17 14:32:11 ERROR riot:84 - [line: 1, col: 7 ] Bad character in IRI (space): <?xml[space]...>
2017-07-17 14:32:12 ERROR riot:84 - [line: 1, col: 2 ] Unexpected character ('<' (code 60)): expected a valid value (number, String, array, object, 'true', 'false' or 'null')
2017-07-17 14:32:13 ERROR riot:84 - [line: 1, col: 7 ] Bad character in IRI (space): <?xml[space]...>
2017-07-17 14:32:13 INFO  info:109 - Empty captured VoID (<http://swlab.paes-leme.name:8080/resource/bio2rdf-ec-uni-mannheim>).
2017-07-17 14:32:13 INFO  info:138 - Dataset saved (<http://linkeddatacatalog.dws.informatik.uni-mannheim.de/api/rest/dataset/bio2rdf-ec>).
2017-07-17 14:32:13 ERROR riot:84 - [line: 1, col: 1 ] Expected a { character to start a JSON Object but got [LT]
2017-07-17 14:32:14 ERROR riot:84 - [line: 2, col: 205] {E202} Expecting XML start or end element(s). String data "aeo.obo" not allowed. Maybe there should be an rdf:parseType='Literal' for embedding mixed XML content in RDF. Maybe a striping error.
2017-07-17 14:32:15 ERROR riot:84 - [line: 2, col: 67] Unrecognized XML element: ListBucketResult
2017-07-17 14:32:15 ERROR riot:84 - [line: 1, col: 7 ] Bad character in IRI (space): <?xml[space]...>
2017-07-17 14:32:16 ERROR timeout:21 - Timeout while executing "List void graph names from http://data.allie.dbcls.jp/sparql".
2017-07-17 14:32:16 INFO  info:109 - Empty captured VoID (<http://swlab.paes-leme.name:8080/resource/allie-abbreviation-and-long-form-database-in-life-science-uni-mannheim>).
2017-07-17 14:32:16 INFO  info:138 - Dataset saved (<http://linkeddatacatalog.dws.informatik.uni-mannheim.de/api/rest/dataset/allie-abbreviation-and-long-form-database-in-life-science-partitions>).
2017-07-17 14:32:16 INFO  info:138 - Dataset saved (<http://linkeddatacatalog.dws.informatik.uni-mannheim.de/api/rest/dataset/allie-abbreviation-and-long-form-database-in-life-science>).
2017-07-17 14:32:16 ERROR riot:84 - [line: 1, col: 7 ] Bad character in IRI (space): <?xml[space]...>
2017-07-17 14:32:18 ERROR riot:84 - [line: 1, col: 7 ] Bad character in IRI (space): <?xml[space]...>
2017-07-17 14:32:19 ERROR riot:84 - [line: 1, col: 2 ] Unexpected character ('<' (code 60)): expected a valid value (number, String, array, object, 'true', 'false' or 'null')
2017-07-17 14:32:19 INFO  info:109 - Empty captured VoID (<http://swlab.paes-leme.name:8080/resource/bio2rdf-eco-uni-mannheim>).
2017-07-17 14:32:19 INFO  info:138 - Dataset saved (<http://linkeddatacatalog.dws.informatik.uni-mannheim.de/api/rest/dataset/bio2rdf-eco>).
2017-07-17 14:32:20 ERROR riot:84 - [line: 1, col: 7 ] Bad character in IRI (space): <?xml[space]...>
2017-07-17 14:32:20 ERROR riot:84 - [line: 1, col: 1 ] Expected a { character to start a JSON Object but got [LT]
2017-07-17 14:32:21 ERROR riot:84 - [line: 2, col: 205] {E202} Expecting XML start or end element(s). String data "aeo.obo" not allowed. Maybe there should be an rdf:parseType='Literal' for embedding mixed XML content in RDF. Maybe a striping error.
2017-07-17 14:32:22 ERROR riot:84 - [line: 2, col: 67] Unrecognized XML element: ListBucketResult
2017-07-17 14:32:22 ERROR riot:84 - [line: 1, col: 7 ] Bad character in IRI (space): <?xml[space]...>
2017-07-17 14:32:24 ERROR riot:84 - [line: 1, col: 7 ] Bad character in IRI (space): <?xml[space]...>
2017-07-17 14:32:24 ERROR timeout:21 - Timeout while executing "List void graph names from http://sparql.jesandco.org:8890/sparql".
2017-07-17 14:32:26 ERROR riot:84 - [line: 1, col: 7 ] Bad character in IRI (space): <?xml[space]...>
2017-07-17 14:32:26 ERROR riot:84 - [line: 1, col: 7 ] Bad character in IRI (space): <?xml[space]...>
2017-07-17 14:32:27 ERROR riot:84 - [line: 2, col: 205] {E202} Expecting XML start or end element(s). String data "aeo.obo" not allowed. Maybe there should be an rdf:parseType='Literal' for embedding mixed XML content in RDF. Maybe a striping error.
2017-07-17 14:32:28 ERROR riot:84 - [line: 1, col: 2 ] Unexpected character ('<' (code 60)): expected a valid value (number, String, array, object, 'true', 'false' or 'null')
2017-07-17 14:32:28 ERROR timeout:21 - Timeout while executing "Query properties from http://www.open-biomed.org.uk/sparql/endpoint/bdgp_20081030".
2017-07-17 14:32:29 ERROR riot:84 - [line: 1, col: 7 ] Bad character in IRI (space): <?xml[space]...>
2017-07-17 14:32:29 ERROR riot:84 - [line: 1, col: 1 ] Expected a { character to start a JSON Object but got [LT]
2017-07-17 14:32:30 ERROR timeout:21 - Timeout while executing "Query classes from http://affymetrix.bio2rdf.org/sparql".
2017-07-17 14:32:30 ERROR riot:84 - [line: 1, col: 7 ] Bad character in IRI (space): <?xml[space]...>
2017-07-17 14:32:30 ERROR riot:84 - [line: 2, col: 67] Unrecognized XML element: ListBucketResult
2017-07-17 14:32:31 ERROR riot:84 - [line: 1, col: 7 ] Bad character in IRI (space): <?xml[space]...>
2017-07-17 14:32:33 ERROR riot:84 - [line: 1, col: 2 ] Unexpected character ('<' (code 60)): expected a valid value (number, String, array, object, 'true', 'false' or 'null')
2017-07-17 14:32:33 ERROR timeout:21 - Timeout while executing "Query properties from http://fintrans.publicdata.eu/sparql".
2017-07-17 14:32:34 ERROR timeout:21 - Timeout while executing "Query classes from http://biomodels.bio2rdf.org/sparql".
2017-07-17 14:32:34 ERROR riot:84 - [line: 1, col: 1 ] Expected a { character to start a JSON Object but got [LT]
2017-07-17 14:32:35 ERROR riot:84 - [line: 1, col: 7 ] Bad character in IRI (space): <?xml[space]...>
2017-07-17 14:32:35 ERROR riot:84 - [line: 11, col: 52] Broken IRI (CR): http://www.w3.org/ns/lemon/lime#
2017-07-17 14:32:36 ERROR riot:84 - [line: 1, col: 1 ] Content is not allowed in prolog.
2017-07-17 14:32:36 ERROR timeout:21 - Timeout while executing "List void graph names from http://abs.270a.info/sparql".
2017-07-17 14:32:36 INFO  info:109 - Empty captured VoID (<http://swlab.paes-leme.name:8080/resource/abs-linked-data-uni-mannheim>).
2017-07-17 14:32:36 ERROR riot:84 - [line: 2, col: 67] Unrecognized XML element: ListBucketResult
2017-07-17 14:32:36 ERROR riot:84 - [line: 1, col: 1 ] Expected BNode or IRI: Got: [DIRECTIVE:prefix]
2017-07-17 14:32:36 ERROR riot:84 - [line: 2, col: 205] {E202} Expecting XML start or end element(s). String data "aeo.obo" not allowed. Maybe there should be an rdf:parseType='Literal' for embedding mixed XML content in RDF. Maybe a striping error.
2017-07-17 14:32:36 ERROR riot:84 - [line: 11, col: 52] Broken IRI (CR): http://www.w3.org/ns/lemon/lime#
2017-07-17 14:32:37 ERROR riot:84 - [line: 1, col: 1 ] Expected BNode or IRI: Got: [DIRECTIVE:prefix]
2017-07-17 14:32:37 INFO  info:138 - Dataset saved (<http://linkeddatacatalog.dws.informatik.uni-mannheim.de/api/rest/dataset/abs-linked-data>).
2017-07-17 14:32:37 ERROR riot:84 - [line: 1, col: 2 ] Unexpected character ('@' (code 64)): expected a valid value (number, String, array, object, 'true', 'false' or 'null')
2017-07-17 14:32:37 ERROR riot:84 - [line: 1, col: 1 ] XML error: ParseError at [row,col]:[1,1]
Message: Content is not allowed in prolog.
2017-07-17 14:32:38 WARN  ThriftConvert:80 - visit: Unrecognized: <RDF_StreamRow >
2017-07-17 14:32:38 WARN  ThriftConvert:80 - visit: Unrecognized: <RDF_StreamRow >
2017-07-17 14:32:38 WARN  ThriftConvert:80 - visit: Unrecognized: <RDF_StreamRow >
2017-07-17 14:32:38 WARN  ThriftConvert:80 - visit: Unrecognized: <RDF_StreamRow >
2017-07-17 14:32:38 WARN  ThriftConvert:80 - visit: Unrecognized: <RDF_StreamRow >
2017-07-17 14:32:38 WARN  ThriftConvert:80 - visit: Unrecognized: <RDF_StreamRow >
2017-07-17 14:32:38 WARN  ThriftConvert:80 - visit: Unrecognized: <RDF_StreamRow >
2017-07-17 14:32:38 WARN  ThriftConvert:80 - visit: Unrecognized: <RDF_StreamRow >
2017-07-17 14:32:38 ERROR timeout:21 - Timeout while executing "Query classes from http://bioportal.bio2rdf.org/sparql".
2017-07-17 14:32:38 ERROR riot:84 - [line: 1, col: 7 ] Bad character in IRI (space): <?xml[space]...>
2017-07-17 14:32:40 ERROR riot:84 - [line: 1, col: 7 ] Bad character in IRI (space): <?xml[space]...>
2017-07-17 14:32:42 ERROR riot:84 - [line: 1, col: 7 ] Bad character in IRI (space): <?xml[space]...>
2017-07-17 14:32:42 ERROR riot:84 - [line: 1, col: 7 ] Bad character in IRI (space): <?xml[space]...>
2017-07-17 14:32:43 ERROR riot:84 - [line: 1, col: 2 ] Unexpected character ('<' (code 60)): expected a valid value (number, String, array, object, 'true', 'false' or 'null')
2017-07-17 14:32:44 ERROR riot:84 - [line: 1, col: 7 ] Bad character in IRI (space): <?xml[space]...>
2017-07-17 14:32:44 ERROR timeout:21 - Timeout while executing "List void graph names from http://202.45.142.113:10035/repositories/agris".
2017-07-17 14:32:44 INFO  info:109 - Empty captured VoID (<http://swlab.paes-leme.name:8080/resource/agris-uni-mannheim>).
2017-07-17 14:32:44 INFO  info:138 - Dataset saved (<http://linkeddatacatalog.dws.informatik.uni-mannheim.de/api/rest/dataset/agris>).
2017-07-17 14:32:44 ERROR timeout:21 - Timeout while executing "Query classes from http://chembl.bio2rdf.org/sparql".
2017-07-17 14:32:45 ERROR timeout:21 - Timeout while executing "Query classes from http://clinicaltrials.bio2rdf.org/sparql".
2017-07-17 14:32:45 ERROR riot:84 - [line: 1, col: 1 ] Expected a { character to start a JSON Object but got [LT]
2017-07-17 14:32:46 ERROR riot:84 - [line: 2, col: 205] {E202} Expecting XML start or end element(s). String data "aeo.obo" not allowed. Maybe there should be an rdf:parseType='Literal' for embedding mixed XML content in RDF. Maybe a striping error.
2017-07-17 14:32:46 ERROR riot:84 - [line: 2, col: 67] Unrecognized XML element: ListBucketResult
2017-07-17 14:32:47 ERROR riot:84 - [line: 1, col: 7 ] Bad character in IRI (space): <?xml[space]...>
2017-07-17 14:32:48 ERROR riot:84 - [line: 1, col: 7 ] Bad character in IRI (space): <?xml[space]...>
2017-07-17 14:32:50 INFO  info:109 - Empty captured VoID (<http://swlab.paes-leme.name:8080/resource/bio2rdf-geneid-uni-mannheim>).
2017-07-17 14:32:50 INFO  info:138 - Dataset saved (<http://linkeddatacatalog.dws.informatik.uni-mannheim.de/api/rest/dataset/bio2rdf-geneid>).
2017-07-17 14:32:50 INFO  info:109 - Empty captured VoID (<http://swlab.paes-leme.name:8080/resource/bio2rdf-geneid-resources-uni-mannheim>).
2017-07-17 14:32:50 INFO  info:138 - Dataset saved (<http://linkeddatacatalog.dws.informatik.uni-mannheim.de/api/rest/dataset/bio2rdf-geneid-resources>).
2017-07-17 14:32:50 ERROR riot:84 - [line: 1, col: 7 ] Bad character in IRI (space): <?xml[space]...>
2017-07-17 14:32:50 INFO  RetryExec:96 - I/O exception (org.apache.http.NoHttpResponseException) caught when processing request to {}->http://linkeddatacatalog.dws.informatik.uni-mannheim.de:80: The target server failed to respond
2017-07-17 14:32:50 INFO  RetryExec:112 - Retrying request to {}->http://linkeddatacatalog.dws.informatik.uni-mannheim.de:80
2017-07-17 14:32:50 ERROR timeout:21 - Timeout while executing "Query classes from http://ctd.bio2rdf.org/sparql".
2017-07-17 14:32:51 ERROR timeout:21 - Timeout while executing "Query properties from http://bfs.270a.info/sparql".
2017-07-17 14:32:52 ERROR riot:84 - [line: 1, col: 7 ] Bad character in IRI (space): <?xml[space]...>
2017-07-17 14:32:52 ERROR riot:84 - [line: 1, col: 2 ] Unexpected character ('<' (code 60)): expected a valid value (number, String, array, object, 'true', 'false' or 'null')
2017-07-17 14:32:52 INFO  info:109 - Empty captured VoID (<http://swlab.paes-leme.name:8080/resource/bio2rdf-goa-uni-mannheim>).
2017-07-17 14:32:53 INFO  info:138 - Dataset saved (<http://linkeddatacatalog.dws.informatik.uni-mannheim.de/api/rest/dataset/bio2rdf-goa>).
2017-07-17 14:32:53 ERROR timeout:21 - Timeout while executing "Query properties from http://data.bibbase.org:2020/sparql".
2017-07-17 14:32:53 ERROR riot:84 - [line: 1, col: 7 ] Bad character in IRI (space): <?xml[space]...>
2017-07-17 14:32:53 ERROR riot:84 - [line: 2, col: 205] {E202} Expecting XML start or end element(s). String data "aeo.obo" not allowed. Maybe there should be an rdf:parseType='Literal' for embedding mixed XML content in RDF. Maybe a striping error.
2017-07-17 14:32:53 ERROR riot:84 - [line: 1, col: 1 ] Expected a { character to start a JSON Object but got [LT]
2017-07-17 14:32:55 ERROR riot:84 - [line: 1, col: 7 ] Bad character in IRI (space): <?xml[space]...>
2017-07-17 14:32:55 ERROR riot:84 - [line: 2, col: 67] Unrecognized XML element: ListBucketResult
2017-07-17 14:32:56 ERROR riot:84 - [line: 1, col: 7 ] Bad character in IRI (space): <?xml[space]...>
2017-07-17 14:32:58 ERROR riot:84 - [line: 1, col: 7 ] Bad character in IRI (space): <?xml[space]...>
2017-07-17 14:32:59 ERROR timeout:21 - Timeout while executing "Query classes from http://sparql.bibleontology.com/searchs.jsp?q=Jacob".
2017-07-17 14:32:59 ERROR riot:84 - [line: 1, col: 2 ] Unexpected character ('<' (code 60)): expected a valid value (number, String, array, object, 'true', 'false' or 'null')
2017-07-17 14:32:59 INFO  info:109 - Empty captured VoID (<http://swlab.paes-leme.name:8080/resource/ashok-org-uk-uni-mannheim>).
2017-07-17 14:32:59 ERROR timeout:21 - Timeout while executing "Query classes from http://dbsnp.bio2rdf.org/sparql".
2017-07-17 14:32:59 INFO  info:138 - Dataset saved (<http://linkeddatacatalog.dws.informatik.uni-mannheim.de/api/rest/dataset/ashok-org-uk>).
2017-07-17 14:33:00 ERROR riot:84 - [line: 1, col: 7 ] Bad character in IRI (space): <?xml[space]...>
2017-07-17 14:33:00 ERROR riot:84 - [line: 1, col: 1 ] Expected a { character to start a JSON Object but got [LT]
2017-07-17 14:33:01 ERROR riot:84 - [line: 1, col: 7 ] Bad character in IRI (space): <?xml[space]...>
2017-07-17 14:33:01 ERROR riot:84 - [line: 2, col: 205] {E202} Expecting XML start or end element(s). String data "aeo.obo" not allowed. Maybe there should be an rdf:parseType='Literal' for embedding mixed XML content in RDF. Maybe a striping error.
2017-07-17 14:33:01 ERROR timeout:21 - Timeout while executing "Query classes from http://drugbank.bio2rdf.org/sparql".
2017-07-17 14:33:01 ERROR riot:84 - [line: 2, col: 67] Unrecognized XML element: ListBucketResult
2017-07-17 14:33:03 ERROR riot:84 - [line: 1, col: 7 ] Bad character in IRI (space): <?xml[space]...>
2017-07-17 14:33:03 INFO  info:109 - Empty captured VoID (<http://swlab.paes-leme.name:8080/resource/bbop-uni-mannheim>).
2017-07-17 14:33:03 INFO  info:138 - Dataset saved (<http://linkeddatacatalog.dws.informatik.uni-mannheim.de/api/rest/dataset/bbop>).
2017-07-17 14:33:04 ERROR riot:84 - [line: 1, col: 7 ] Bad character in IRI (space): <?xml[space]...>
2017-07-17 14:33:05 INFO  info:109 - Empty captured VoID (<http://swlab.paes-leme.name:8080/resource/bio2rdf-goa-resources-uni-mannheim>).
2017-07-17 14:33:05 INFO  info:138 - Dataset saved (<http://linkeddatacatalog.dws.informatik.uni-mannheim.de/api/rest/dataset/bio2rdf-goa-resources>).
2017-07-17 14:33:05 INFO  info:109 - Empty captured VoID (<http://swlab.paes-leme.name:8080/resource/bio2rdf-hhpid-uni-mannheim>).
2017-07-17 14:33:05 INFO  info:138 - Dataset saved (<http://linkeddatacatalog.dws.informatik.uni-mannheim.de/api/rest/dataset/bio2rdf-hhpid>).
2017-07-17 14:33:07 ERROR riot:84 - [line: 1, col: 7 ] Bad character in IRI (space): <?xml[space]...>
2017-07-17 14:33:09 ERROR riot:84 - [line: 1, col: 7 ] Bad character in IRI (space): <?xml[space]...>
2017-07-17 14:33:10 ERROR riot:84 - [line: 1, col: 2 ] Unexpected character ('<' (code 60)): expected a valid value (number, String, array, object, 'true', 'false' or 'null')
2017-07-17 14:33:11 ERROR riot:84 - [line: 1, col: 7 ] Bad character in IRI (space): <?xml[space]...>
2017-07-17 14:33:12 ERROR timeout:21 - Timeout while executing "List void graph names from http://purl.org/twc/arrayexpress/virtuoso/sparql".
2017-07-17 14:33:12 INFO  info:109 - Empty captured VoID (<http://swlab.paes-leme.name:8080/resource/arrayexpress_e-mtab-104-uni-mannheim>).
2017-07-17 14:33:12 INFO  info:138 - Dataset saved (<http://linkeddatacatalog.dws.informatik.uni-mannheim.de/api/rest/dataset/arrayexpress_e-mtab-104>).
2017-07-17 14:33:13 ERROR riot:84 - [line: 1, col: 7 ] Bad character in IRI (space): <?xml[space]...>
2017-07-17 14:33:15 ERROR riot:84 - [line: 1, col: 7 ] Bad character in IRI (space): <?xml[space]...>
2017-07-17 14:33:16 ERROR timeout:21 - Timeout while executing "Query classes from http://genage.bio2rdf.org/sparql".
2017-07-17 14:33:17 ERROR timeout:21 - Timeout while executing "List void graph names from http://babelnet.org:8084/sparql/".
2017-07-17 14:33:17 INFO  info:109 - Empty captured VoID (<http://swlab.paes-leme.name:8080/resource/babelnet-uni-mannheim>).
2017-07-17 14:33:17 INFO  info:138 - Dataset saved (<http://linkeddatacatalog.dws.informatik.uni-mannheim.de/api/rest/dataset/babelnet>).
2017-07-17 14:33:19 ERROR riot:84 - [line: 1, col: 1 ] Expected a { character to start a JSON Object but got [LT]
2017-07-17 14:33:19 ERROR timeout:21 - Timeout while executing "Query classes from http://genbank.bio2rdf.org/sparql".
2017-07-17 14:33:20 ERROR riot:84 - [line: 2, col: 67] Unrecognized XML element: ListBucketResult
2017-07-17 14:33:20 ERROR riot:84 - [line: 1, col: 7 ] Bad character in IRI (space): <?xml[space]...>
2017-07-17 14:33:22 ERROR timeout:21 - Timeout while executing "List void graph names from http://aemet.linkeddata.es/sparql".
2017-07-17 14:33:24 INFO  info:109 - Empty captured VoID (<http://swlab.paes-leme.name:8080/resource/bbop-selected-uni-mannheim>).
2017-07-17 14:33:24 INFO  info:138 - Dataset saved (<http://linkeddatacatalog.dws.informatik.uni-mannheim.de/api/rest/dataset/bbop-selected>).
2017-07-17 14:33:24 ERROR timeout:21 - Timeout while executing "List void graph names from http://sparql.jesandco.org:8890/fct/".
2017-07-17 14:33:24 INFO  info:109 - Empty captured VoID (<http://swlab.paes-leme.name:8080/resource/asn-us-uni-mannheim>).
2017-07-17 14:33:24 INFO  info:138 - Dataset saved (<http://linkeddatacatalog.dws.informatik.uni-mannheim.de/api/rest/dataset/asn-us-partitions>).
2017-07-17 14:33:25 INFO  info:138 - Dataset saved (<http://linkeddatacatalog.dws.informatik.uni-mannheim.de/api/rest/dataset/asn-us>).
2017-07-17 14:33:30 ERROR timeout:21 - Timeout while executing "Query properties from http://affymetrix.bio2rdf.org/sparql".
2017-07-17 14:33:34 ERROR timeout:21 - Timeout while executing "Query properties from http://biomodels.bio2rdf.org/sparql".
2017-07-17 14:33:35 ERROR riot:84 - [line: 1, col: 1 ] Content is not allowed in prolog.
2017-07-17 14:33:36 ERROR riot:84 - [line: 1, col: 1 ] Expected BNode or IRI: Got: [DIRECTIVE:prefix]
2017-07-17 14:33:36 ERROR riot:84 - [line: 1, col: 1 ] Expected BNode or IRI: Got: [DIRECTIVE:prefix]
2017-07-17 14:33:37 ERROR riot:84 - [line: 1, col: 2 ] Unexpected character ('@' (code 64)): expected a valid value (number, String, array, object, 'true', 'false' or 'null')
2017-07-17 14:33:37 ERROR timeout:21 - Timeout while executing "Query classes from http://gendr.bio2rdf.org/sparql".
2017-07-17 14:33:37 ERROR riot:84 - [line: 1, col: 1 ] XML error: ParseError at [row,col]:[1,1]
Message: Content is not allowed in prolog.
2017-07-17 14:33:38 ERROR timeout:21 - Timeout while executing "List void graph names from http://www.open-biomed.org.uk/sparql/endpoint/bdgp_20081030".
2017-07-17 14:33:38 INFO  info:109 - Empty captured VoID (<http://swlab.paes-leme.name:8080/resource/bdgp-uni-mannheim>).
2017-07-17 14:33:38 INFO  info:138 - Dataset saved (<http://linkeddatacatalog.dws.informatik.uni-mannheim.de/api/rest/dataset/bdgp>).
2017-07-17 14:33:38 WARN  ThriftConvert:80 - visit: Unrecognized: <RDF_StreamRow >
2017-07-17 14:33:38 WARN  ThriftConvert:80 - visit: Unrecognized: <RDF_StreamRow >
2017-07-17 14:33:38 WARN  ThriftConvert:80 - visit: Unrecognized: <RDF_StreamRow >
2017-07-17 14:33:38 WARN  ThriftConvert:80 - visit: Unrecognized: <RDF_StreamRow >
2017-07-17 14:33:38 WARN  ThriftConvert:80 - visit: Unrecognized: <RDF_StreamRow >
2017-07-17 14:33:38 WARN  ThriftConvert:80 - visit: Unrecognized: <RDF_StreamRow >
2017-07-17 14:33:38 WARN  ThriftConvert:80 - visit: Unrecognized: <RDF_StreamRow >
2017-07-17 14:33:38 WARN  ThriftConvert:80 - visit: Unrecognized: <RDF_StreamRow >
2017-07-17 14:33:38 ERROR timeout:21 - Timeout while executing "Query properties from http://bioportal.bio2rdf.org/sparql".
2017-07-17 14:33:42 INFO  info:109 - Empty captured VoID (<http://swlab.paes-leme.name:8080/resource/bio2rdf-irefindex-icrogid-uni-mannheim>).
2017-07-17 14:33:43 INFO  info:138 - Dataset saved (<http://linkeddatacatalog.dws.informatik.uni-mannheim.de/api/rest/dataset/bio2rdf-irefindex-icrogid>).
2017-07-17 14:33:44 ERROR timeout:21 - Timeout while executing "Query properties from http://chembl.bio2rdf.org/sparql".
2017-07-17 14:33:45 ERROR timeout:21 - Timeout while executing "Query properties from http://clinicaltrials.bio2rdf.org/sparql".
2017-07-17 14:33:47 INFO  info:109 - Empty captured VoID (<http://swlab.paes-leme.name:8080/resource/bio2rdf-irefindex-irogid-uni-mannheim>).
2017-07-17 14:33:48 INFO  info:138 - Dataset saved (<http://linkeddatacatalog.dws.informatik.uni-mannheim.de/api/rest/dataset/bio2rdf-irefindex-irogid>).
2017-07-17 14:33:50 ERROR timeout:21 - Timeout while executing "Query properties from http://ctd.bio2rdf.org/sparql".
2017-07-17 14:33:53 ERROR timeout:21 - Timeout while executing "Query classes from http://goa.bio2rdf.org/sparql".
2017-07-17 14:33:54 ERROR timeout:21 - Timeout while executing "List void graph names from http://data.bibbase.org:2020/sparql".
2017-07-17 14:33:54 INFO  info:109 - Empty captured VoID (<http://swlab.paes-leme.name:8080/resource/bibbase-uni-mannheim>).
2017-07-17 14:33:55 INFO  info:138 - Dataset saved (<http://linkeddatacatalog.dws.informatik.uni-mannheim.de/api/rest/dataset/bibbase>).
2017-07-17 14:33:59 ERROR timeout:21 - Timeout while executing "Query classes from http://bibleontology.com/sparql/index.jsp".
2017-07-17 14:33:59 ERROR timeout:21 - Timeout while executing "Query properties from http://dbsnp.bio2rdf.org/sparql".
2017-07-17 14:34:01 ERROR timeout:21 - Timeout while executing "Query properties from http://drugbank.bio2rdf.org/sparql".
2017-07-17 14:34:03 ERROR timeout:21 - Timeout while executing "Query classes from http://hgnc.bio2rdf.org/sparql".
